2025-05-11 09:35:20,976 - root - INFO - Logging initialized. Log file: /app/cache/error_logs/scraper_20250511_093520.log
2025-05-11 09:35:20,981 - __main__ - INFO - Starting financial report pipeline in mode 'all'
2025-05-11 09:35:20,999 - __main__ - INFO - Starting Financial Report scraper...
2025-05-11 09:35:21,011 - src.scrapers.financial_scraper - INFO - Loaded 0 existing records, scraped pairs: 0
2025-05-11 09:35:21,012 - src.scrapers.financial_scraper - INFO - Loaded 3 emitens from /app/src/scrapers/emiten_list.json
2025-05-11 09:35:21,019 - urllib3.connectionpool - WARNING - Retrying (Retry(total=2, connect=None, read=None, redirect=None, status=None)) after connection broken by 'NewConnectionError('<urllib3.connection.HTTPConnection object at 0x7fa0e1b0f5b0>: Failed to establish a new connection: [Errno 111] Connection refused')': /wd/hub/session
2025-05-11 09:35:21,023 - urllib3.connectionpool - WARNING - Retrying (Retry(total=1, connect=None, read=None, redirect=None, status=None)) after connection broken by 'NewConnectionError('<urllib3.connection.HTTPConnection object at 0x7fa0e1f9a3e0>: Failed to establish a new connection: [Errno 111] Connection refused')': /wd/hub/session
2025-05-11 09:35:21,027 - urllib3.connectionpool - WARNING - Retrying (Retry(total=0, connect=None, read=None, redirect=None, status=None)) after connection broken by 'NewConnectionError('<urllib3.connection.HTTPConnection object at 0x7fa0e1b0f760>: Failed to establish a new connection: [Errno 111] Connection refused')': /wd/hub/session
2025-05-11 09:35:21,030 - root - WARNING - Retry 1/3 failed: HTTPConnectionPool(host='chrome', port=4444): Max retries exceeded with url: /wd/hub/session (Caused by NewConnectionError('<urllib3.connection.HTTPConnection object at 0x7fa0e1b0f910>: Failed to establish a new connection: [Errno 111] Connection refused'))
2025-05-11 09:35:21,031 - root - INFO - Waiting 5 seconds before retrying...
2025-05-11 09:35:26,038 - src.scrapers.financial_scraper - INFO - Loaded 3 emitens from /app/src/scrapers/emiten_list.json
2025-05-11 09:35:27,819 - src.scrapers.financial_scraper - INFO - WebDriver initialized
2025-05-11 09:35:58,252 - src.scrapers.financial_scraper - ERROR - Error on AALI_2020: Message: 
Stacktrace:
#0 0x5584994fb7fa <unknown>
#1 0x558498f9fe90 <unknown>
#2 0x558498ff1870 <unknown>
#3 0x558498ff1a61 <unknown>
#4 0x55849903fcb4 <unknown>
#5 0x55849901726d <unknown>
#6 0x55849903d135 <unknown>
#7 0x558499017013 <unknown>
#8 0x558498fe3b3b <unknown>
#9 0x558498fe47a1 <unknown>
#10 0x5584994c0b9b <unknown>
#11 0x5584994c4a8a <unknown>
#12 0x5584994a8912 <unknown>
#13 0x5584994c5604 <unknown>
#14 0x55849948d74f <unknown>
#15 0x5584994e9678 <unknown>
#16 0x5584994e9856 <unknown>
#17 0x5584994fa666 <unknown>
#18 0x7f4e1234aaa4 <unknown>
#19 0x7f4e123d7c3c <unknown>

2025-05-11 09:35:58,265 - root - INFO - Saved data to /app/cache/financial_reports/financial_reports.json
2025-05-11 09:36:28,761 - src.scrapers.financial_scraper - ERROR - Error on AALI_2021: Message: 
Stacktrace:
#0 0x5584994fb7fa <unknown>
#1 0x558498f9fe90 <unknown>
#2 0x558498ff1870 <unknown>
#3 0x558498ff1a61 <unknown>
#4 0x55849903fcb4 <unknown>
#5 0x55849901726d <unknown>
#6 0x55849903d135 <unknown>
#7 0x558499017013 <unknown>
#8 0x558498fe3b3b <unknown>
#9 0x558498fe47a1 <unknown>
#10 0x5584994c0b9b <unknown>
#11 0x5584994c4a8a <unknown>
#12 0x5584994a8912 <unknown>
#13 0x5584994c5604 <unknown>
#14 0x55849948d74f <unknown>
#15 0x5584994e9678 <unknown>
#16 0x5584994e9856 <unknown>
#17 0x5584994fa666 <unknown>
#18 0x7f4e1234aaa4 <unknown>
#19 0x7f4e123d7c3c <unknown>

2025-05-11 09:36:28,774 - root - INFO - Saved data to /app/cache/financial_reports/financial_reports.json
2025-05-11 09:36:59,293 - src.scrapers.financial_scraper - ERROR - Error on AALI_2022: Message: 
Stacktrace:
#0 0x5584994fb7fa <unknown>
#1 0x558498f9fe90 <unknown>
#2 0x558498ff1870 <unknown>
#3 0x558498ff1a61 <unknown>
#4 0x55849903fcb4 <unknown>
#5 0x55849901726d <unknown>
#6 0x55849903d135 <unknown>
#7 0x558499017013 <unknown>
#8 0x558498fe3b3b <unknown>
#9 0x558498fe47a1 <unknown>
#10 0x5584994c0b9b <unknown>
#11 0x5584994c4a8a <unknown>
#12 0x5584994a8912 <unknown>
#13 0x5584994c5604 <unknown>
#14 0x55849948d74f <unknown>
#15 0x5584994e9678 <unknown>
#16 0x5584994e9856 <unknown>
#17 0x5584994fa666 <unknown>
#18 0x7f4e1234aaa4 <unknown>
#19 0x7f4e123d7c3c <unknown>

2025-05-11 09:36:59,304 - root - INFO - Saved data to /app/cache/financial_reports/financial_reports.json
2025-05-11 09:37:29,784 - src.scrapers.financial_scraper - ERROR - Error on AALI_2023: Message: 
Stacktrace:
#0 0x5584994fb7fa <unknown>
#1 0x558498f9fe90 <unknown>
#2 0x558498ff1870 <unknown>
#3 0x558498ff1a61 <unknown>
#4 0x55849903fcb4 <unknown>
#5 0x55849901726d <unknown>
#6 0x55849903d135 <unknown>
#7 0x558499017013 <unknown>
#8 0x558498fe3b3b <unknown>
#9 0x558498fe47a1 <unknown>
#10 0x5584994c0b9b <unknown>
#11 0x5584994c4a8a <unknown>
#12 0x5584994a8912 <unknown>
#13 0x5584994c5604 <unknown>
#14 0x55849948d74f <unknown>
#15 0x5584994e9678 <unknown>
#16 0x5584994e9856 <unknown>
#17 0x5584994fa666 <unknown>
#18 0x7f4e1234aaa4 <unknown>
#19 0x7f4e123d7c3c <unknown>

2025-05-11 09:37:29,794 - root - INFO - Saved data to /app/cache/financial_reports/financial_reports.json
2025-05-11 09:38:00,325 - src.scrapers.financial_scraper - ERROR - Error on AALI_2024: Message: 
Stacktrace:
#0 0x5584994fb7fa <unknown>
#1 0x558498f9fe90 <unknown>
#2 0x558498ff1870 <unknown>
#3 0x558498ff1a61 <unknown>
#4 0x55849903fcb4 <unknown>
#5 0x55849901726d <unknown>
#6 0x55849903d135 <unknown>
#7 0x558499017013 <unknown>
#8 0x558498fe3b3b <unknown>
#9 0x558498fe47a1 <unknown>
#10 0x5584994c0b9b <unknown>
#11 0x5584994c4a8a <unknown>
#12 0x5584994a8912 <unknown>
#13 0x5584994c5604 <unknown>
#14 0x55849948d74f <unknown>
#15 0x5584994e9678 <unknown>
#16 0x5584994e9856 <unknown>
#17 0x5584994fa666 <unknown>
#18 0x7f4e1234aaa4 <unknown>
#19 0x7f4e123d7c3c <unknown>

2025-05-11 09:38:00,335 - root - INFO - Saved data to /app/cache/financial_reports/financial_reports.json
2025-05-11 09:38:30,748 - src.scrapers.financial_scraper - ERROR - Error on BBCA_2020: Message: 
Stacktrace:
#0 0x5584994fb7fa <unknown>
#1 0x558498f9fe90 <unknown>
#2 0x558498ff1870 <unknown>
#3 0x558498ff1a61 <unknown>
#4 0x55849903fcb4 <unknown>
#5 0x55849901726d <unknown>
#6 0x55849903d135 <unknown>
#7 0x558499017013 <unknown>
#8 0x558498fe3b3b <unknown>
#9 0x558498fe47a1 <unknown>
#10 0x5584994c0b9b <unknown>
#11 0x5584994c4a8a <unknown>
#12 0x5584994a8912 <unknown>
#13 0x5584994c5604 <unknown>
#14 0x55849948d74f <unknown>
#15 0x5584994e9678 <unknown>
#16 0x5584994e9856 <unknown>
#17 0x5584994fa666 <unknown>
#18 0x7f4e1234aaa4 <unknown>
#19 0x7f4e123d7c3c <unknown>

2025-05-11 09:38:30,759 - root - INFO - Saved data to /app/cache/financial_reports/financial_reports.json
2025-05-11 09:39:01,109 - src.scrapers.financial_scraper - ERROR - Error on BBCA_2021: Message: 
Stacktrace:
#0 0x5584994fb7fa <unknown>
#1 0x558498f9fe90 <unknown>
#2 0x558498ff1870 <unknown>
#3 0x558498ff1a61 <unknown>
#4 0x55849903fcb4 <unknown>
#5 0x55849901726d <unknown>
#6 0x55849903d135 <unknown>
#7 0x558499017013 <unknown>
#8 0x558498fe3b3b <unknown>
#9 0x558498fe47a1 <unknown>
#10 0x5584994c0b9b <unknown>
#11 0x5584994c4a8a <unknown>
#12 0x5584994a8912 <unknown>
#13 0x5584994c5604 <unknown>
#14 0x55849948d74f <unknown>
#15 0x5584994e9678 <unknown>
#16 0x5584994e9856 <unknown>
#17 0x5584994fa666 <unknown>
#18 0x7f4e1234aaa4 <unknown>
#19 0x7f4e123d7c3c <unknown>

2025-05-11 09:39:01,120 - root - INFO - Saved data to /app/cache/financial_reports/financial_reports.json
2025-05-11 09:39:31,517 - src.scrapers.financial_scraper - ERROR - Error on BBCA_2022: Message: 
Stacktrace:
#0 0x5584994fb7fa <unknown>
#1 0x558498f9fe90 <unknown>
#2 0x558498ff1870 <unknown>
#3 0x558498ff1a61 <unknown>
#4 0x55849903fcb4 <unknown>
#5 0x55849901726d <unknown>
#6 0x55849903d135 <unknown>
#7 0x558499017013 <unknown>
#8 0x558498fe3b3b <unknown>
#9 0x558498fe47a1 <unknown>
#10 0x5584994c0b9b <unknown>
#11 0x5584994c4a8a <unknown>
#12 0x5584994a8912 <unknown>
#13 0x5584994c5604 <unknown>
#14 0x55849948d74f <unknown>
#15 0x5584994e9678 <unknown>
#16 0x5584994e9856 <unknown>
#17 0x5584994fa666 <unknown>
#18 0x7f4e1234aaa4 <unknown>
#19 0x7f4e123d7c3c <unknown>

2025-05-11 09:39:31,526 - root - INFO - Saved data to /app/cache/financial_reports/financial_reports.json
