2025-05-11 10:00:09,163 - root - INFO - Logging initialized. Log file: /app/cache/error_logs/scraper_20250511_100009.log
2025-05-11 10:00:09,164 - __main__ - INFO - Starting financial report pipeline in mode 'all'
2025-05-11 10:00:09,166 - __main__ - INFO - Starting Financial Report scraper...
2025-05-11 10:00:09,170 - src.scrapers.financial_scraper - INFO - Loaded 0 existing records, scraped pairs: 0
2025-05-11 10:00:09,171 - src.scrapers.financial_scraper - INFO - Loaded 3 emitens from /app/src/scrapers/emiten_list.json
2025-05-11 10:00:09,175 - urllib3.connectionpool - WARNING - Retrying (Retry(total=2, connect=None, read=None, redirect=None, status=None)) after connection broken by 'NewConnectionError('<urllib3.connection.HTTPConnection object at 0x7ff7e3aeaf80>: Failed to establish a new connection: [Errno 111] Connection refused')': /wd/hub/session
2025-05-11 10:00:09,176 - urllib3.connectionpool - WARNING - Retrying (Retry(total=1, connect=None, read=None, redirect=None, status=None)) after connection broken by 'NewConnectionError('<urllib3.connection.HTTPConnection object at 0x7ff7e3aeb130>: Failed to establish a new connection: [Errno 111] Connection refused')': /wd/hub/session
2025-05-11 10:00:09,177 - urllib3.connectionpool - WARNING - Retrying (Retry(total=0, connect=None, read=None, redirect=None, status=None)) after connection broken by 'NewConnectionError('<urllib3.connection.HTTPConnection object at 0x7ff7e3aeb2e0>: Failed to establish a new connection: [Errno 111] Connection refused')': /wd/hub/session
2025-05-11 10:00:09,178 - root - WARNING - Retry 1/3 failed: HTTPConnectionPool(host='chrome', port=4444): Max retries exceeded with url: /wd/hub/session (Caused by NewConnectionError('<urllib3.connection.HTTPConnection object at 0x7ff7e3aeb490>: Failed to establish a new connection: [Errno 111] Connection refused'))
2025-05-11 10:00:09,178 - root - INFO - Waiting 5 seconds before retrying...
2025-05-11 10:00:14,179 - src.scrapers.financial_scraper - INFO - Loaded 3 emitens from /app/src/scrapers/emiten_list.json
2025-05-11 10:00:15,268 - src.scrapers.financial_scraper - INFO - WebDriver initialized
2025-05-11 10:00:45,802 - src.scrapers.financial_scraper - ERROR - Error on AALI_2025: Message: 
Stacktrace:
#0 0x55eab9b787fa <unknown>
#1 0x55eab961ce90 <unknown>
#2 0x55eab966e870 <unknown>
#3 0x55eab966ea61 <unknown>
#4 0x55eab96bccb4 <unknown>
#5 0x55eab969426d <unknown>
#6 0x55eab96ba135 <unknown>
#7 0x55eab9694013 <unknown>
#8 0x55eab9660b3b <unknown>
#9 0x55eab96617a1 <unknown>
#10 0x55eab9b3db9b <unknown>
#11 0x55eab9b41a8a <unknown>
#12 0x55eab9b25912 <unknown>
#13 0x55eab9b42604 <unknown>
#14 0x55eab9b0a74f <unknown>
#15 0x55eab9b66678 <unknown>
#16 0x55eab9b66856 <unknown>
#17 0x55eab9b77666 <unknown>
#18 0x7f6a8bb32aa4 <unknown>
#19 0x7f6a8bbbfc3c <unknown>

2025-05-11 10:00:45,807 - root - INFO - Saved data to /app/cache/financial_reports/financial_reports.json
2025-05-11 10:01:16,195 - src.scrapers.financial_scraper - ERROR - Error on AALI_2024: Message: 
Stacktrace:
#0 0x55eab9b787fa <unknown>
#1 0x55eab961ce90 <unknown>
#2 0x55eab966e870 <unknown>
#3 0x55eab966ea61 <unknown>
#4 0x55eab96bccb4 <unknown>
#5 0x55eab969426d <unknown>
#6 0x55eab96ba135 <unknown>
#7 0x55eab9694013 <unknown>
#8 0x55eab9660b3b <unknown>
#9 0x55eab96617a1 <unknown>
#10 0x55eab9b3db9b <unknown>
#11 0x55eab9b41a8a <unknown>
#12 0x55eab9b25912 <unknown>
#13 0x55eab9b42604 <unknown>
#14 0x55eab9b0a74f <unknown>
#15 0x55eab9b66678 <unknown>
#16 0x55eab9b66856 <unknown>
#17 0x55eab9b77666 <unknown>
#18 0x7f6a8bb32aa4 <unknown>
#19 0x7f6a8bbbfc3c <unknown>

2025-05-11 10:01:16,200 - root - INFO - Saved data to /app/cache/financial_reports/financial_reports.json
2025-05-11 10:01:46,465 - src.scrapers.financial_scraper - ERROR - Error on AALI_2023: Message: 
Stacktrace:
#0 0x55eab9b787fa <unknown>
#1 0x55eab961ce90 <unknown>
#2 0x55eab966e870 <unknown>
#3 0x55eab966ea61 <unknown>
#4 0x55eab96bccb4 <unknown>
#5 0x55eab969426d <unknown>
#6 0x55eab96ba135 <unknown>
#7 0x55eab9694013 <unknown>
#8 0x55eab9660b3b <unknown>
#9 0x55eab96617a1 <unknown>
#10 0x55eab9b3db9b <unknown>
#11 0x55eab9b41a8a <unknown>
#12 0x55eab9b25912 <unknown>
#13 0x55eab9b42604 <unknown>
#14 0x55eab9b0a74f <unknown>
#15 0x55eab9b66678 <unknown>
#16 0x55eab9b66856 <unknown>
#17 0x55eab9b77666 <unknown>
#18 0x7f6a8bb32aa4 <unknown>
#19 0x7f6a8bbbfc3c <unknown>

2025-05-11 10:01:46,470 - root - INFO - Saved data to /app/cache/financial_reports/financial_reports.json
2025-05-11 10:02:16,698 - src.scrapers.financial_scraper - ERROR - Error on AALI_2022: Message: 
Stacktrace:
#0 0x55eab9b787fa <unknown>
#1 0x55eab961ce90 <unknown>
#2 0x55eab966e870 <unknown>
#3 0x55eab966ea61 <unknown>
#4 0x55eab96bccb4 <unknown>
#5 0x55eab969426d <unknown>
#6 0x55eab96ba135 <unknown>
#7 0x55eab9694013 <unknown>
#8 0x55eab9660b3b <unknown>
#9 0x55eab96617a1 <unknown>
#10 0x55eab9b3db9b <unknown>
#11 0x55eab9b41a8a <unknown>
#12 0x55eab9b25912 <unknown>
#13 0x55eab9b42604 <unknown>
#14 0x55eab9b0a74f <unknown>
#15 0x55eab9b66678 <unknown>
#16 0x55eab9b66856 <unknown>
#17 0x55eab9b77666 <unknown>
#18 0x7f6a8bb32aa4 <unknown>
#19 0x7f6a8bbbfc3c <unknown>

2025-05-11 10:02:16,703 - root - INFO - Saved data to /app/cache/financial_reports/financial_reports.json
2025-05-11 10:02:46,893 - src.scrapers.financial_scraper - ERROR - Error on AALI_2021: Message: 
Stacktrace:
#0 0x55eab9b787fa <unknown>
#1 0x55eab961ce90 <unknown>
#2 0x55eab966e870 <unknown>
#3 0x55eab966ea61 <unknown>
#4 0x55eab96bccb4 <unknown>
#5 0x55eab969426d <unknown>
#6 0x55eab96ba135 <unknown>
#7 0x55eab9694013 <unknown>
#8 0x55eab9660b3b <unknown>
#9 0x55eab96617a1 <unknown>
#10 0x55eab9b3db9b <unknown>
#11 0x55eab9b41a8a <unknown>
#12 0x55eab9b25912 <unknown>
#13 0x55eab9b42604 <unknown>
#14 0x55eab9b0a74f <unknown>
#15 0x55eab9b66678 <unknown>
#16 0x55eab9b66856 <unknown>
#17 0x55eab9b77666 <unknown>
#18 0x7f6a8bb32aa4 <unknown>
#19 0x7f6a8bbbfc3c <unknown>

2025-05-11 10:02:46,898 - root - INFO - Saved data to /app/cache/financial_reports/financial_reports.json
2025-05-11 10:03:17,078 - src.scrapers.financial_scraper - ERROR - Error on BBCA_2025: Message: 
Stacktrace:
#0 0x55eab9b787fa <unknown>
#1 0x55eab961ce90 <unknown>
#2 0x55eab966e870 <unknown>
#3 0x55eab966ea61 <unknown>
#4 0x55eab96bccb4 <unknown>
#5 0x55eab969426d <unknown>
#6 0x55eab96ba135 <unknown>
#7 0x55eab9694013 <unknown>
#8 0x55eab9660b3b <unknown>
#9 0x55eab96617a1 <unknown>
#10 0x55eab9b3db9b <unknown>
#11 0x55eab9b41a8a <unknown>
#12 0x55eab9b25912 <unknown>
#13 0x55eab9b42604 <unknown>
#14 0x55eab9b0a74f <unknown>
#15 0x55eab9b66678 <unknown>
#16 0x55eab9b66856 <unknown>
#17 0x55eab9b77666 <unknown>
#18 0x7f6a8bb32aa4 <unknown>
#19 0x7f6a8bbbfc3c <unknown>

2025-05-11 10:03:17,083 - root - INFO - Saved data to /app/cache/financial_reports/financial_reports.json
2025-05-11 10:03:47,304 - src.scrapers.financial_scraper - ERROR - Error on BBCA_2024: Message: 
Stacktrace:
#0 0x55eab9b787fa <unknown>
#1 0x55eab961ce90 <unknown>
#2 0x55eab966e870 <unknown>
#3 0x55eab966ea61 <unknown>
#4 0x55eab96bccb4 <unknown>
#5 0x55eab969426d <unknown>
#6 0x55eab96ba135 <unknown>
#7 0x55eab9694013 <unknown>
#8 0x55eab9660b3b <unknown>
#9 0x55eab96617a1 <unknown>
#10 0x55eab9b3db9b <unknown>
#11 0x55eab9b41a8a <unknown>
#12 0x55eab9b25912 <unknown>
#13 0x55eab9b42604 <unknown>
#14 0x55eab9b0a74f <unknown>
#15 0x55eab9b66678 <unknown>
#16 0x55eab9b66856 <unknown>
#17 0x55eab9b77666 <unknown>
#18 0x7f6a8bb32aa4 <unknown>
#19 0x7f6a8bbbfc3c <unknown>

2025-05-11 10:03:47,310 - root - INFO - Saved data to /app/cache/financial_reports/financial_reports.json
2025-05-11 10:04:17,486 - src.scrapers.financial_scraper - ERROR - Error on BBCA_2023: Message: 
Stacktrace:
#0 0x55eab9b787fa <unknown>
#1 0x55eab961ce90 <unknown>
#2 0x55eab966e870 <unknown>
#3 0x55eab966ea61 <unknown>
#4 0x55eab96bccb4 <unknown>
#5 0x55eab969426d <unknown>
#6 0x55eab96ba135 <unknown>
#7 0x55eab9694013 <unknown>
#8 0x55eab9660b3b <unknown>
#9 0x55eab96617a1 <unknown>
#10 0x55eab9b3db9b <unknown>
#11 0x55eab9b41a8a <unknown>
#12 0x55eab9b25912 <unknown>
#13 0x55eab9b42604 <unknown>
#14 0x55eab9b0a74f <unknown>
#15 0x55eab9b66678 <unknown>
#16 0x55eab9b66856 <unknown>
#17 0x55eab9b77666 <unknown>
#18 0x7f6a8bb32aa4 <unknown>
#19 0x7f6a8bbbfc3c <unknown>

2025-05-11 10:04:17,490 - root - INFO - Saved data to /app/cache/financial_reports/financial_reports.json
2025-05-11 10:04:47,701 - src.scrapers.financial_scraper - ERROR - Error on BBCA_2022: Message: 
Stacktrace:
#0 0x55eab9b787fa <unknown>
#1 0x55eab961ce90 <unknown>
#2 0x55eab966e870 <unknown>
#3 0x55eab966ea61 <unknown>
#4 0x55eab96bccb4 <unknown>
#5 0x55eab969426d <unknown>
#6 0x55eab96ba135 <unknown>
#7 0x55eab9694013 <unknown>
#8 0x55eab9660b3b <unknown>
#9 0x55eab96617a1 <unknown>
#10 0x55eab9b3db9b <unknown>
#11 0x55eab9b41a8a <unknown>
#12 0x55eab9b25912 <unknown>
#13 0x55eab9b42604 <unknown>
#14 0x55eab9b0a74f <unknown>
#15 0x55eab9b66678 <unknown>
#16 0x55eab9b66856 <unknown>
#17 0x55eab9b77666 <unknown>
#18 0x7f6a8bb32aa4 <unknown>
#19 0x7f6a8bbbfc3c <unknown>

2025-05-11 10:04:47,705 - root - INFO - Saved data to /app/cache/financial_reports/financial_reports.json
2025-05-11 10:05:17,891 - src.scrapers.financial_scraper - ERROR - Error on BBCA_2021: Message: 
Stacktrace:
#0 0x55eab9b787fa <unknown>
#1 0x55eab961ce90 <unknown>
#2 0x55eab966e870 <unknown>
#3 0x55eab966ea61 <unknown>
#4 0x55eab96bccb4 <unknown>
#5 0x55eab969426d <unknown>
#6 0x55eab96ba135 <unknown>
#7 0x55eab9694013 <unknown>
#8 0x55eab9660b3b <unknown>
#9 0x55eab96617a1 <unknown>
#10 0x55eab9b3db9b <unknown>
#11 0x55eab9b41a8a <unknown>
#12 0x55eab9b25912 <unknown>
#13 0x55eab9b42604 <unknown>
#14 0x55eab9b0a74f <unknown>
#15 0x55eab9b66678 <unknown>
#16 0x55eab9b66856 <unknown>
#17 0x55eab9b77666 <unknown>
#18 0x7f6a8bb32aa4 <unknown>
#19 0x7f6a8bbbfc3c <unknown>

2025-05-11 10:05:17,895 - root - INFO - Saved data to /app/cache/financial_reports/financial_reports.json
2025-05-11 10:05:48,315 - src.scrapers.financial_scraper - ERROR - Error on TLKM_2025: Message: 
Stacktrace:
#0 0x55eab9b787fa <unknown>
#1 0x55eab961ce90 <unknown>
#2 0x55eab966e870 <unknown>
#3 0x55eab966ea61 <unknown>
#4 0x55eab96bccb4 <unknown>
#5 0x55eab969426d <unknown>
#6 0x55eab96ba135 <unknown>
#7 0x55eab9694013 <unknown>
#8 0x55eab9660b3b <unknown>
#9 0x55eab96617a1 <unknown>
#10 0x55eab9b3db9b <unknown>
#11 0x55eab9b41a8a <unknown>
#12 0x55eab9b25912 <unknown>
#13 0x55eab9b42604 <unknown>
#14 0x55eab9b0a74f <unknown>
#15 0x55eab9b66678 <unknown>
#16 0x55eab9b66856 <unknown>
#17 0x55eab9b77666 <unknown>
#18 0x7f6a8bb32aa4 <unknown>
#19 0x7f6a8bbbfc3c <unknown>

2025-05-11 10:05:48,319 - root - INFO - Saved data to /app/cache/financial_reports/financial_reports.json
2025-05-11 10:06:18,464 - src.scrapers.financial_scraper - ERROR - Error on TLKM_2024: Message: 
Stacktrace:
#0 0x55eab9b787fa <unknown>
#1 0x55eab961ce90 <unknown>
#2 0x55eab966e870 <unknown>
#3 0x55eab966ea61 <unknown>
#4 0x55eab96bccb4 <unknown>
#5 0x55eab969426d <unknown>
#6 0x55eab96ba135 <unknown>
#7 0x55eab9694013 <unknown>
#8 0x55eab9660b3b <unknown>
#9 0x55eab96617a1 <unknown>
#10 0x55eab9b3db9b <unknown>
#11 0x55eab9b41a8a <unknown>
#12 0x55eab9b25912 <unknown>
#13 0x55eab9b42604 <unknown>
#14 0x55eab9b0a74f <unknown>
#15 0x55eab9b66678 <unknown>
#16 0x55eab9b66856 <unknown>
#17 0x55eab9b77666 <unknown>
#18 0x7f6a8bb32aa4 <unknown>
#19 0x7f6a8bbbfc3c <unknown>

2025-05-11 10:06:18,468 - root - INFO - Saved data to /app/cache/financial_reports/financial_reports.json
2025-05-11 10:06:48,625 - src.scrapers.financial_scraper - ERROR - Error on TLKM_2023: Message: 
Stacktrace:
#0 0x55eab9b787fa <unknown>
#1 0x55eab961ce90 <unknown>
#2 0x55eab966e870 <unknown>
#3 0x55eab966ea61 <unknown>
#4 0x55eab96bccb4 <unknown>
#5 0x55eab969426d <unknown>
#6 0x55eab96ba135 <unknown>
#7 0x55eab9694013 <unknown>
#8 0x55eab9660b3b <unknown>
#9 0x55eab96617a1 <unknown>
#10 0x55eab9b3db9b <unknown>
#11 0x55eab9b41a8a <unknown>
#12 0x55eab9b25912 <unknown>
#13 0x55eab9b42604 <unknown>
#14 0x55eab9b0a74f <unknown>
#15 0x55eab9b66678 <unknown>
#16 0x55eab9b66856 <unknown>
#17 0x55eab9b77666 <unknown>
#18 0x7f6a8bb32aa4 <unknown>
#19 0x7f6a8bbbfc3c <unknown>

2025-05-11 10:06:48,629 - root - INFO - Saved data to /app/cache/financial_reports/financial_reports.json
2025-05-11 10:07:18,769 - src.scrapers.financial_scraper - ERROR - Error on TLKM_2022: Message: 
Stacktrace:
#0 0x55eab9b787fa <unknown>
#1 0x55eab961ce90 <unknown>
#2 0x55eab966e870 <unknown>
#3 0x55eab966ea61 <unknown>
#4 0x55eab96bccb4 <unknown>
#5 0x55eab969426d <unknown>
#6 0x55eab96ba135 <unknown>
#7 0x55eab9694013 <unknown>
#8 0x55eab9660b3b <unknown>
#9 0x55eab96617a1 <unknown>
#10 0x55eab9b3db9b <unknown>
#11 0x55eab9b41a8a <unknown>
#12 0x55eab9b25912 <unknown>
#13 0x55eab9b42604 <unknown>
#14 0x55eab9b0a74f <unknown>
#15 0x55eab9b66678 <unknown>
#16 0x55eab9b66856 <unknown>
#17 0x55eab9b77666 <unknown>
#18 0x7f6a8bb32aa4 <unknown>
#19 0x7f6a8bbbfc3c <unknown>

2025-05-11 10:07:18,773 - root - INFO - Saved data to /app/cache/financial_reports/financial_reports.json
2025-05-11 10:07:48,884 - src.scrapers.financial_scraper - ERROR - Error on TLKM_2021: Message: 
Stacktrace:
#0 0x55eab9b787fa <unknown>
#1 0x55eab961ce90 <unknown>
#2 0x55eab966e870 <unknown>
#3 0x55eab966ea61 <unknown>
#4 0x55eab96bccb4 <unknown>
#5 0x55eab969426d <unknown>
#6 0x55eab96ba135 <unknown>
#7 0x55eab9694013 <unknown>
#8 0x55eab9660b3b <unknown>
#9 0x55eab96617a1 <unknown>
#10 0x55eab9b3db9b <unknown>
#11 0x55eab9b41a8a <unknown>
#12 0x55eab9b25912 <unknown>
#13 0x55eab9b42604 <unknown>
#14 0x55eab9b0a74f <unknown>
#15 0x55eab9b66678 <unknown>
#16 0x55eab9b66856 <unknown>
#17 0x55eab9b77666 <unknown>
#18 0x7f6a8bb32aa4 <unknown>
#19 0x7f6a8bbbfc3c <unknown>

2025-05-11 10:07:48,888 - root - INFO - Saved data to /app/cache/financial_reports/financial_reports.json
2025-05-11 10:07:48,891 - root - INFO - Saved data to /app/cache/financial_reports/financial_reports.json
2025-05-11 10:07:48,891 - src.scrapers.financial_scraper - INFO - Total scraped: 0 records → /app/cache/financial_reports/financial_reports.json
2025-05-11 10:07:49,063 - src.scrapers.financial_scraper - INFO - WebDriver closed
2025-05-11 10:07:49,064 - __main__ - INFO - Financial Report scraper completed. Scraped 0 reports.
2025-05-11 10:07:49,064 - __main__ - INFO - Starting Financial Report ingestion...
2025-05-11 10:07:49,065 - src.ingestion.financial_ingestion - INFO - Loading data from JSON file...
2025-05-11 10:07:49,071 - src.ingestion.financial_ingestion - WARNING - No data found in /app/cache/financial_reports/financial_reports.json
2025-05-11 10:07:49,071 - __main__ - INFO - Financial Report ingestion completed. Inserted 0 and updated 0 reports.
2025-05-11 10:07:49,072 - __main__ - INFO - Financial report pipeline completed successfully
