2025-05-11 10:14:23,680 - root - INFO - Logging initialized. Log file: /app/cache/error_logs/scraper_20250511_101423.log
2025-05-11 10:14:23,681 - __main__ - INFO - Starting financial report pipeline in mode 'all'
2025-05-11 10:14:23,683 - __main__ - INFO - Starting Financial Report scraper...
2025-05-11 10:14:23,690 - src.scrapers.financial_scraper - INFO - Loaded 0 existing reports from /app/cache/financial_reports/financial_reports.json
2025-05-11 10:14:23,690 - src.scrapers.financial_scraper - INFO - Already scraped 0 companies
2025-05-11 10:14:23,691 - src.scrapers.financial_scraper - INFO - Loaded 3 emitens from /app/src/scrapers/emiten_list.json
2025-05-11 10:14:23,699 - src.scrapers.financial_scraper - INFO - Will scrape 3 remaining companies out of 3 total
2025-05-11 10:14:23,700 - src.scrapers.financial_scraper - INFO - Running in headless mode for Docker environment
2025-05-11 10:14:23,700 - src.scrapers.financial_scraper - INFO - Connecting to remote WebDriver at http://chrome:4444/wd/hub
2025-05-11 10:14:24,424 - src.scrapers.financial_scraper - INFO - WebDriver initialized successfully
2025-05-11 10:14:35,244 - src.scrapers.financial_scraper - ERROR - ❌ Error processing AALI: Message: 
Stacktrace:
#0 0x5621138ce7fa <unknown>
#1 0x562113372e90 <unknown>
#2 0x5621133c4870 <unknown>
#3 0x5621133c4a61 <unknown>
#4 0x562113412cb4 <unknown>
#5 0x5621133ea26d <unknown>
#6 0x562113410135 <unknown>
#7 0x5621133ea013 <unknown>
#8 0x5621133b6b3b <unknown>
#9 0x5621133b77a1 <unknown>
#10 0x562113893b9b <unknown>
#11 0x562113897a8a <unknown>
#12 0x56211387b912 <unknown>
#13 0x562113898604 <unknown>
#14 0x56211386074f <unknown>
#15 0x5621138bc678 <unknown>
#16 0x5621138bc856 <unknown>
#17 0x5621138cd666 <unknown>
#18 0x7f96f26a3aa4 <unknown>
#19 0x7f96f2730c3c <unknown>

2025-05-11 10:14:45,707 - src.scrapers.financial_scraper - ERROR - ❌ Error processing BBCA: Message: 
Stacktrace:
#0 0x5621138ce7fa <unknown>
#1 0x562113372e90 <unknown>
#2 0x5621133c4870 <unknown>
#3 0x5621133c4a61 <unknown>
#4 0x562113412cb4 <unknown>
#5 0x5621133ea26d <unknown>
#6 0x562113410135 <unknown>
#7 0x5621133ea013 <unknown>
#8 0x5621133b6b3b <unknown>
#9 0x5621133b77a1 <unknown>
#10 0x562113893b9b <unknown>
#11 0x562113897a8a <unknown>
#12 0x56211387b912 <unknown>
#13 0x562113898604 <unknown>
#14 0x56211386074f <unknown>
#15 0x5621138bc678 <unknown>
#16 0x5621138bc856 <unknown>
#17 0x5621138cd666 <unknown>
#18 0x7f96f26a3aa4 <unknown>
#19 0x7f96f2730c3c <unknown>

2025-05-11 10:14:56,205 - src.scrapers.financial_scraper - ERROR - ❌ Error processing TLKM: Message: 
Stacktrace:
#0 0x5621138ce7fa <unknown>
#1 0x562113372e90 <unknown>
#2 0x5621133c4870 <unknown>
#3 0x5621133c4a61 <unknown>
#4 0x562113412cb4 <unknown>
#5 0x5621133ea26d <unknown>
#6 0x562113410135 <unknown>
#7 0x5621133ea013 <unknown>
#8 0x5621133b6b3b <unknown>
#9 0x5621133b77a1 <unknown>
#10 0x562113893b9b <unknown>
#11 0x562113897a8a <unknown>
#12 0x56211387b912 <unknown>
#13 0x562113898604 <unknown>
#14 0x56211386074f <unknown>
#15 0x5621138bc678 <unknown>
#16 0x5621138bc856 <unknown>
#17 0x5621138cd666 <unknown>
#18 0x7f96f26a3aa4 <unknown>
#19 0x7f96f2730c3c <unknown>

2025-05-11 10:14:56,210 - src.scrapers.financial_scraper - INFO - 📂 Saved 0 financial reports to /app/cache/financial_reports/financial_reports.json
2025-05-11 10:14:56,296 - src.scrapers.financial_scraper - INFO - Browser closed.
2025-05-11 10:14:56,296 - __main__ - INFO - Financial Report scraper completed. Scraped 0 reports.
2025-05-11 10:14:56,296 - __main__ - INFO - Starting Financial Report ingestion...
2025-05-11 10:14:56,297 - src.ingestion.financial_ingestion - INFO - Loading data from JSON file...
2025-05-11 10:14:56,301 - src.ingestion.financial_ingestion - WARNING - No data found in /app/cache/financial_reports/financial_reports.json
2025-05-11 10:14:56,302 - __main__ - INFO - Financial Report ingestion completed. Inserted 0 and updated 0 reports.
2025-05-11 10:14:56,302 - __main__ - INFO - Financial report pipeline completed successfully
