2025-05-11 10:15:30,765 - root - INFO - Logging initialized. Log file: /app/cache/error_logs/scraper_20250511_101530.log
2025-05-11 10:15:30,766 - __main__ - INFO - Starting financial report pipeline in mode 'all'
2025-05-11 10:15:30,767 - __main__ - INFO - Starting Financial Report scraper...
2025-05-11 10:15:30,773 - src.scrapers.financial_scraper - INFO - Loaded 0 existing reports from /app/cache/financial_reports/financial_reports.json
2025-05-11 10:15:30,773 - src.scrapers.financial_scraper - INFO - Already scraped 0 companies
2025-05-11 10:15:30,775 - src.scrapers.financial_scraper - INFO - Loaded 3 emitens from /app/src/scrapers/emiten_list.json
2025-05-11 10:15:30,775 - src.scrapers.financial_scraper - INFO - Will scrape 3 remaining companies out of 3 total
2025-05-11 10:15:30,775 - src.scrapers.financial_scraper - INFO - Running in headless mode for Docker environment
2025-05-11 10:15:30,776 - src.scrapers.financial_scraper - INFO - Connecting to remote WebDriver at http://chrome:4444/wd/hub
2025-05-11 10:15:31,113 - src.scrapers.financial_scraper - INFO - WebDriver initialized successfully
2025-05-11 10:15:42,239 - src.scrapers.financial_scraper - ERROR - ❌ Error processing AALI: Message: 
Stacktrace:
#0 0x55a2c1de07fa <unknown>
#1 0x55a2c1884e90 <unknown>
#2 0x55a2c18d6870 <unknown>
#3 0x55a2c18d6a61 <unknown>
#4 0x55a2c1924cb4 <unknown>
#5 0x55a2c18fc26d <unknown>
#6 0x55a2c1922135 <unknown>
#7 0x55a2c18fc013 <unknown>
#8 0x55a2c18c8b3b <unknown>
#9 0x55a2c18c97a1 <unknown>
#10 0x55a2c1da5b9b <unknown>
#11 0x55a2c1da9a8a <unknown>
#12 0x55a2c1d8d912 <unknown>
#13 0x55a2c1daa604 <unknown>
#14 0x55a2c1d7274f <unknown>
#15 0x55a2c1dce678 <unknown>
#16 0x55a2c1dce856 <unknown>
#17 0x55a2c1ddf666 <unknown>
#18 0x7f917dc82aa4 <unknown>
#19 0x7f917dd0fc3c <unknown>

