2025-05-11 09:40:13,191 - root - INFO - Logging initialized. Log file: /app/cache/error_logs/scraper_20250511_094013.log
2025-05-11 09:40:13,194 - __main__ - INFO - Starting financial report pipeline in mode 'all'
2025-05-11 09:40:13,198 - __main__ - INFO - Starting Financial Report scraper...
2025-05-11 09:40:13,209 - src.scrapers.financial_scraper - INFO - Loaded 0 existing records, scraped pairs: 0
2025-05-11 09:40:13,210 - src.scrapers.financial_scraper - INFO - Loaded 3 emitens from /app/src/scrapers/emiten_list.json
2025-05-11 09:40:13,216 - urllib3.connectionpool - WARNING - Retrying (Retry(total=2, connect=None, read=None, redirect=None, status=None)) after connection broken by 'NewConnectionError('<urllib3.connection.HTTPConnection object at 0x7f4581fcb5b0>: Failed to establish a new connection: [Errno 111] Connection refused')': /wd/hub/session
2025-05-11 09:40:13,219 - urllib3.connectionpool - WARNING - Retrying (Retry(total=1, connect=None, read=None, redirect=None, status=None)) after connection broken by 'NewConnectionError('<urllib3.connection.HTTPConnection object at 0x7f45824563e0>: Failed to establish a new connection: [Errno 111] Connection refused')': /wd/hub/session
2025-05-11 09:40:13,222 - urllib3.connectionpool - WARNING - Retrying (Retry(total=0, connect=None, read=None, redirect=None, status=None)) after connection broken by 'NewConnectionError('<urllib3.connection.HTTPConnection object at 0x7f4581fcb760>: Failed to establish a new connection: [Errno 111] Connection refused')': /wd/hub/session
2025-05-11 09:40:13,225 - root - WARNING - Retry 1/3 failed: HTTPConnectionPool(host='chrome', port=4444): Max retries exceeded with url: /wd/hub/session (Caused by NewConnectionError('<urllib3.connection.HTTPConnection object at 0x7f4581fcb910>: Failed to establish a new connection: [Errno 111] Connection refused'))
2025-05-11 09:40:13,226 - root - INFO - Waiting 5 seconds before retrying...
2025-05-11 09:40:18,233 - src.scrapers.financial_scraper - INFO - Loaded 3 emitens from /app/src/scrapers/emiten_list.json
2025-05-11 09:40:19,761 - src.scrapers.financial_scraper - INFO - WebDriver initialized
2025-05-11 09:40:50,356 - src.scrapers.financial_scraper - ERROR - Error on AALI_2025: Message: 
Stacktrace:
#0 0x55be0f6907fa <unknown>
#1 0x55be0f134e90 <unknown>
#2 0x55be0f186870 <unknown>
#3 0x55be0f186a61 <unknown>
#4 0x55be0f1d4cb4 <unknown>
#5 0x55be0f1ac26d <unknown>
#6 0x55be0f1d2135 <unknown>
#7 0x55be0f1ac013 <unknown>
#8 0x55be0f178b3b <unknown>
#9 0x55be0f1797a1 <unknown>
#10 0x55be0f655b9b <unknown>
#11 0x55be0f659a8a <unknown>
#12 0x55be0f63d912 <unknown>
#13 0x55be0f65a604 <unknown>
#14 0x55be0f62274f <unknown>
#15 0x55be0f67e678 <unknown>
#16 0x55be0f67e856 <unknown>
#17 0x55be0f68f666 <unknown>
#18 0x7f0025c55aa4 <unknown>
#19 0x7f0025ce2c3c <unknown>

2025-05-11 09:40:50,361 - root - INFO - Saved data to /app/cache/financial_reports/financial_reports.json
2025-05-11 09:41:20,616 - src.scrapers.financial_scraper - ERROR - Error on AALI_2024: Message: 
Stacktrace:
#0 0x55be0f6907fa <unknown>
#1 0x55be0f134e90 <unknown>
#2 0x55be0f186870 <unknown>
#3 0x55be0f186a61 <unknown>
#4 0x55be0f1d4cb4 <unknown>
#5 0x55be0f1ac26d <unknown>
#6 0x55be0f1d2135 <unknown>
#7 0x55be0f1ac013 <unknown>
#8 0x55be0f178b3b <unknown>
#9 0x55be0f1797a1 <unknown>
#10 0x55be0f655b9b <unknown>
#11 0x55be0f659a8a <unknown>
#12 0x55be0f63d912 <unknown>
#13 0x55be0f65a604 <unknown>
#14 0x55be0f62274f <unknown>
#15 0x55be0f67e678 <unknown>
#16 0x55be0f67e856 <unknown>
#17 0x55be0f68f666 <unknown>
#18 0x7f0025c55aa4 <unknown>
#19 0x7f0025ce2c3c <unknown>

2025-05-11 09:41:20,621 - root - INFO - Saved data to /app/cache/financial_reports/financial_reports.json
2025-05-11 09:41:50,851 - src.scrapers.financial_scraper - ERROR - Error on AALI_2023: Message: 
Stacktrace:
#0 0x55be0f6907fa <unknown>
#1 0x55be0f134e90 <unknown>
#2 0x55be0f186870 <unknown>
#3 0x55be0f186a61 <unknown>
#4 0x55be0f1d4cb4 <unknown>
#5 0x55be0f1ac26d <unknown>
#6 0x55be0f1d2135 <unknown>
#7 0x55be0f1ac013 <unknown>
#8 0x55be0f178b3b <unknown>
#9 0x55be0f1797a1 <unknown>
#10 0x55be0f655b9b <unknown>
#11 0x55be0f659a8a <unknown>
#12 0x55be0f63d912 <unknown>
#13 0x55be0f65a604 <unknown>
#14 0x55be0f62274f <unknown>
#15 0x55be0f67e678 <unknown>
#16 0x55be0f67e856 <unknown>
#17 0x55be0f68f666 <unknown>
#18 0x7f0025c55aa4 <unknown>
#19 0x7f0025ce2c3c <unknown>

2025-05-11 09:41:50,855 - root - INFO - Saved data to /app/cache/financial_reports/financial_reports.json
2025-05-11 09:42:21,148 - src.scrapers.financial_scraper - ERROR - Error on AALI_2022: Message: 
Stacktrace:
#0 0x55be0f6907fa <unknown>
#1 0x55be0f134e90 <unknown>
#2 0x55be0f186870 <unknown>
#3 0x55be0f186a61 <unknown>
#4 0x55be0f1d4cb4 <unknown>
#5 0x55be0f1ac26d <unknown>
#6 0x55be0f1d2135 <unknown>
#7 0x55be0f1ac013 <unknown>
#8 0x55be0f178b3b <unknown>
#9 0x55be0f1797a1 <unknown>
#10 0x55be0f655b9b <unknown>
#11 0x55be0f659a8a <unknown>
#12 0x55be0f63d912 <unknown>
#13 0x55be0f65a604 <unknown>
#14 0x55be0f62274f <unknown>
#15 0x55be0f67e678 <unknown>
#16 0x55be0f67e856 <unknown>
#17 0x55be0f68f666 <unknown>
#18 0x7f0025c55aa4 <unknown>
#19 0x7f0025ce2c3c <unknown>

2025-05-11 09:42:21,152 - root - INFO - Saved data to /app/cache/financial_reports/financial_reports.json
2025-05-11 09:42:51,371 - src.scrapers.financial_scraper - ERROR - Error on AALI_2021: Message: 
Stacktrace:
#0 0x55be0f6907fa <unknown>
#1 0x55be0f134e90 <unknown>
#2 0x55be0f186870 <unknown>
#3 0x55be0f186a61 <unknown>
#4 0x55be0f1d4cb4 <unknown>
#5 0x55be0f1ac26d <unknown>
#6 0x55be0f1d2135 <unknown>
#7 0x55be0f1ac013 <unknown>
#8 0x55be0f178b3b <unknown>
#9 0x55be0f1797a1 <unknown>
#10 0x55be0f655b9b <unknown>
#11 0x55be0f659a8a <unknown>
#12 0x55be0f63d912 <unknown>
#13 0x55be0f65a604 <unknown>
#14 0x55be0f62274f <unknown>
#15 0x55be0f67e678 <unknown>
#16 0x55be0f67e856 <unknown>
#17 0x55be0f68f666 <unknown>
#18 0x7f0025c55aa4 <unknown>
#19 0x7f0025ce2c3c <unknown>

2025-05-11 09:42:51,383 - root - INFO - Saved data to /app/cache/financial_reports/financial_reports.json
2025-05-11 09:43:21,651 - src.scrapers.financial_scraper - ERROR - Error on BBCA_2025: Message: 
Stacktrace:
#0 0x55be0f6907fa <unknown>
#1 0x55be0f134e90 <unknown>
#2 0x55be0f186870 <unknown>
#3 0x55be0f186a61 <unknown>
#4 0x55be0f1d4cb4 <unknown>
#5 0x55be0f1ac26d <unknown>
#6 0x55be0f1d2135 <unknown>
#7 0x55be0f1ac013 <unknown>
#8 0x55be0f178b3b <unknown>
#9 0x55be0f1797a1 <unknown>
#10 0x55be0f655b9b <unknown>
#11 0x55be0f659a8a <unknown>
#12 0x55be0f63d912 <unknown>
#13 0x55be0f65a604 <unknown>
#14 0x55be0f62274f <unknown>
#15 0x55be0f67e678 <unknown>
#16 0x55be0f67e856 <unknown>
#17 0x55be0f68f666 <unknown>
#18 0x7f0025c55aa4 <unknown>
#19 0x7f0025ce2c3c <unknown>

2025-05-11 09:43:21,655 - root - INFO - Saved data to /app/cache/financial_reports/financial_reports.json
2025-05-11 09:43:51,880 - src.scrapers.financial_scraper - ERROR - Error on BBCA_2024: Message: 
Stacktrace:
#0 0x55be0f6907fa <unknown>
#1 0x55be0f134e90 <unknown>
#2 0x55be0f186870 <unknown>
#3 0x55be0f186a61 <unknown>
#4 0x55be0f1d4cb4 <unknown>
#5 0x55be0f1ac26d <unknown>
#6 0x55be0f1d2135 <unknown>
#7 0x55be0f1ac013 <unknown>
#8 0x55be0f178b3b <unknown>
#9 0x55be0f1797a1 <unknown>
#10 0x55be0f655b9b <unknown>
#11 0x55be0f659a8a <unknown>
#12 0x55be0f63d912 <unknown>
#13 0x55be0f65a604 <unknown>
#14 0x55be0f62274f <unknown>
#15 0x55be0f67e678 <unknown>
#16 0x55be0f67e856 <unknown>
#17 0x55be0f68f666 <unknown>
#18 0x7f0025c55aa4 <unknown>
#19 0x7f0025ce2c3c <unknown>

2025-05-11 09:43:51,884 - root - INFO - Saved data to /app/cache/financial_reports/financial_reports.json
2025-05-11 09:44:22,089 - src.scrapers.financial_scraper - ERROR - Error on BBCA_2023: Message: 
Stacktrace:
#0 0x55be0f6907fa <unknown>
#1 0x55be0f134e90 <unknown>
#2 0x55be0f186870 <unknown>
#3 0x55be0f186a61 <unknown>
#4 0x55be0f1d4cb4 <unknown>
#5 0x55be0f1ac26d <unknown>
#6 0x55be0f1d2135 <unknown>
#7 0x55be0f1ac013 <unknown>
#8 0x55be0f178b3b <unknown>
#9 0x55be0f1797a1 <unknown>
#10 0x55be0f655b9b <unknown>
#11 0x55be0f659a8a <unknown>
#12 0x55be0f63d912 <unknown>
#13 0x55be0f65a604 <unknown>
#14 0x55be0f62274f <unknown>
#15 0x55be0f67e678 <unknown>
#16 0x55be0f67e856 <unknown>
#17 0x55be0f68f666 <unknown>
#18 0x7f0025c55aa4 <unknown>
#19 0x7f0025ce2c3c <unknown>

2025-05-11 09:44:22,094 - root - INFO - Saved data to /app/cache/financial_reports/financial_reports.json
2025-05-11 09:44:52,281 - src.scrapers.financial_scraper - ERROR - Error on BBCA_2022: Message: 
Stacktrace:
#0 0x55be0f6907fa <unknown>
#1 0x55be0f134e90 <unknown>
#2 0x55be0f186870 <unknown>
#3 0x55be0f186a61 <unknown>
#4 0x55be0f1d4cb4 <unknown>
#5 0x55be0f1ac26d <unknown>
#6 0x55be0f1d2135 <unknown>
#7 0x55be0f1ac013 <unknown>
#8 0x55be0f178b3b <unknown>
#9 0x55be0f1797a1 <unknown>
#10 0x55be0f655b9b <unknown>
#11 0x55be0f659a8a <unknown>
#12 0x55be0f63d912 <unknown>
#13 0x55be0f65a604 <unknown>
#14 0x55be0f62274f <unknown>
#15 0x55be0f67e678 <unknown>
#16 0x55be0f67e856 <unknown>
#17 0x55be0f68f666 <unknown>
#18 0x7f0025c55aa4 <unknown>
#19 0x7f0025ce2c3c <unknown>

2025-05-11 09:44:52,285 - root - INFO - Saved data to /app/cache/financial_reports/financial_reports.json
2025-05-11 09:45:22,522 - src.scrapers.financial_scraper - ERROR - Error on BBCA_2021: Message: 
Stacktrace:
#0 0x55be0f6907fa <unknown>
#1 0x55be0f134e90 <unknown>
#2 0x55be0f186870 <unknown>
#3 0x55be0f186a61 <unknown>
#4 0x55be0f1d4cb4 <unknown>
#5 0x55be0f1ac26d <unknown>
#6 0x55be0f1d2135 <unknown>
#7 0x55be0f1ac013 <unknown>
#8 0x55be0f178b3b <unknown>
#9 0x55be0f1797a1 <unknown>
#10 0x55be0f655b9b <unknown>
#11 0x55be0f659a8a <unknown>
#12 0x55be0f63d912 <unknown>
#13 0x55be0f65a604 <unknown>
#14 0x55be0f62274f <unknown>
#15 0x55be0f67e678 <unknown>
#16 0x55be0f67e856 <unknown>
#17 0x55be0f68f666 <unknown>
#18 0x7f0025c55aa4 <unknown>
#19 0x7f0025ce2c3c <unknown>

2025-05-11 09:45:22,527 - root - INFO - Saved data to /app/cache/financial_reports/financial_reports.json
2025-05-11 09:45:52,694 - src.scrapers.financial_scraper - ERROR - Error on TLKM_2025: Message: 
Stacktrace:
#0 0x55be0f6907fa <unknown>
#1 0x55be0f134e90 <unknown>
#2 0x55be0f186870 <unknown>
#3 0x55be0f186a61 <unknown>
#4 0x55be0f1d4cb4 <unknown>
#5 0x55be0f1ac26d <unknown>
#6 0x55be0f1d2135 <unknown>
#7 0x55be0f1ac013 <unknown>
#8 0x55be0f178b3b <unknown>
#9 0x55be0f1797a1 <unknown>
#10 0x55be0f655b9b <unknown>
#11 0x55be0f659a8a <unknown>
#12 0x55be0f63d912 <unknown>
#13 0x55be0f65a604 <unknown>
#14 0x55be0f62274f <unknown>
#15 0x55be0f67e678 <unknown>
#16 0x55be0f67e856 <unknown>
#17 0x55be0f68f666 <unknown>
#18 0x7f0025c55aa4 <unknown>
#19 0x7f0025ce2c3c <unknown>

2025-05-11 09:45:52,699 - root - INFO - Saved data to /app/cache/financial_reports/financial_reports.json
2025-05-11 09:46:22,875 - src.scrapers.financial_scraper - ERROR - Error on TLKM_2024: Message: 
Stacktrace:
#0 0x55be0f6907fa <unknown>
#1 0x55be0f134e90 <unknown>
#2 0x55be0f186870 <unknown>
#3 0x55be0f186a61 <unknown>
#4 0x55be0f1d4cb4 <unknown>
#5 0x55be0f1ac26d <unknown>
#6 0x55be0f1d2135 <unknown>
#7 0x55be0f1ac013 <unknown>
#8 0x55be0f178b3b <unknown>
#9 0x55be0f1797a1 <unknown>
#10 0x55be0f655b9b <unknown>
#11 0x55be0f659a8a <unknown>
#12 0x55be0f63d912 <unknown>
#13 0x55be0f65a604 <unknown>
#14 0x55be0f62274f <unknown>
#15 0x55be0f67e678 <unknown>
#16 0x55be0f67e856 <unknown>
#17 0x55be0f68f666 <unknown>
#18 0x7f0025c55aa4 <unknown>
#19 0x7f0025ce2c3c <unknown>

2025-05-11 09:46:22,880 - root - INFO - Saved data to /app/cache/financial_reports/financial_reports.json
2025-05-11 09:46:53,077 - src.scrapers.financial_scraper - ERROR - Error on TLKM_2023: Message: 
Stacktrace:
#0 0x55be0f6907fa <unknown>
#1 0x55be0f134e90 <unknown>
#2 0x55be0f186870 <unknown>
#3 0x55be0f186a61 <unknown>
#4 0x55be0f1d4cb4 <unknown>
#5 0x55be0f1ac26d <unknown>
#6 0x55be0f1d2135 <unknown>
#7 0x55be0f1ac013 <unknown>
#8 0x55be0f178b3b <unknown>
#9 0x55be0f1797a1 <unknown>
#10 0x55be0f655b9b <unknown>
#11 0x55be0f659a8a <unknown>
#12 0x55be0f63d912 <unknown>
#13 0x55be0f65a604 <unknown>
#14 0x55be0f62274f <unknown>
#15 0x55be0f67e678 <unknown>
#16 0x55be0f67e856 <unknown>
#17 0x55be0f68f666 <unknown>
#18 0x7f0025c55aa4 <unknown>
#19 0x7f0025ce2c3c <unknown>

2025-05-11 09:46:53,082 - root - INFO - Saved data to /app/cache/financial_reports/financial_reports.json
2025-05-11 09:47:23,286 - src.scrapers.financial_scraper - ERROR - Error on TLKM_2022: Message: 
Stacktrace:
#0 0x55be0f6907fa <unknown>
#1 0x55be0f134e90 <unknown>
#2 0x55be0f186870 <unknown>
#3 0x55be0f186a61 <unknown>
#4 0x55be0f1d4cb4 <unknown>
#5 0x55be0f1ac26d <unknown>
#6 0x55be0f1d2135 <unknown>
#7 0x55be0f1ac013 <unknown>
#8 0x55be0f178b3b <unknown>
#9 0x55be0f1797a1 <unknown>
#10 0x55be0f655b9b <unknown>
#11 0x55be0f659a8a <unknown>
#12 0x55be0f63d912 <unknown>
#13 0x55be0f65a604 <unknown>
#14 0x55be0f62274f <unknown>
#15 0x55be0f67e678 <unknown>
#16 0x55be0f67e856 <unknown>
#17 0x55be0f68f666 <unknown>
#18 0x7f0025c55aa4 <unknown>
#19 0x7f0025ce2c3c <unknown>

2025-05-11 09:47:23,291 - root - INFO - Saved data to /app/cache/financial_reports/financial_reports.json
2025-05-11 09:47:53,474 - src.scrapers.financial_scraper - ERROR - Error on TLKM_2021: Message: 
Stacktrace:
#0 0x55be0f6907fa <unknown>
#1 0x55be0f134e90 <unknown>
#2 0x55be0f186870 <unknown>
#3 0x55be0f186a61 <unknown>
#4 0x55be0f1d4cb4 <unknown>
#5 0x55be0f1ac26d <unknown>
#6 0x55be0f1d2135 <unknown>
#7 0x55be0f1ac013 <unknown>
#8 0x55be0f178b3b <unknown>
#9 0x55be0f1797a1 <unknown>
#10 0x55be0f655b9b <unknown>
#11 0x55be0f659a8a <unknown>
#12 0x55be0f63d912 <unknown>
#13 0x55be0f65a604 <unknown>
#14 0x55be0f62274f <unknown>
#15 0x55be0f67e678 <unknown>
#16 0x55be0f67e856 <unknown>
#17 0x55be0f68f666 <unknown>
#18 0x7f0025c55aa4 <unknown>
#19 0x7f0025ce2c3c <unknown>

2025-05-11 09:47:53,478 - root - INFO - Saved data to /app/cache/financial_reports/financial_reports.json
2025-05-11 09:47:53,483 - root - INFO - Saved data to /app/cache/financial_reports/financial_reports.json
2025-05-11 09:47:53,483 - src.scrapers.financial_scraper - INFO - Total scraped: 0 records → /app/cache/financial_reports/financial_reports.json
2025-05-11 09:47:53,593 - src.scrapers.financial_scraper - INFO - WebDriver closed
2025-05-11 09:47:53,593 - __main__ - INFO - Financial Report scraper completed. Scraped 0 reports.
2025-05-11 09:47:53,594 - __main__ - INFO - Starting Financial Report ingestion...
2025-05-11 09:47:53,595 - src.ingestion.financial_ingestion - INFO - Loading data from JSON file...
2025-05-11 09:47:53,599 - src.ingestion.financial_ingestion - WARNING - No data found in /app/cache/financial_reports/financial_reports.json
2025-05-11 09:47:53,599 - __main__ - INFO - Financial Report ingestion completed. Inserted 0 and updated 0 reports.
2025-05-11 09:47:53,599 - __main__ - INFO - Financial report pipeline completed successfully
