2025-05-11 08:57:40,268 - root - INFO - Logging initialized. Log file: /app/cache/error_logs/scraper_20250511_085740.log
2025-05-11 08:57:40,269 - __main__ - INFO - Starting financial report pipeline in mode 'all'
2025-05-11 08:57:40,273 - root - INFO - Created directory: /app/cache/financial_reports/downloads
2025-05-11 08:57:40,273 - __main__ - INFO - Starting Financial Report scraper...
2025-05-11 08:57:40,276 - src.scrapers.financial_scraper - INFO - Loaded 3 emitens from /app/src/scrapers/emiten_list.json
2025-05-11 08:57:40,279 - urllib3.connectionpool - WARNING - Retrying (Retry(total=2, connect=None, read=None, redirect=None, status=None)) after connection broken by 'NewConnectionError('<urllib3.connection.HTTPConnection object at 0x7f67c60735b0>: Failed to establish a new connection: [Errno 111] Connection refused')': /wd/hub/session
2025-05-11 08:57:40,281 - urllib3.connectionpool - WARNING - Retrying (Retry(total=1, connect=None, read=None, redirect=None, status=None)) after connection broken by 'NewConnectionError('<urllib3.connection.HTTPConnection object at 0x7f67c64fe3e0>: Failed to establish a new connection: [Errno 111] Connection refused')': /wd/hub/session
2025-05-11 08:57:40,282 - urllib3.connectionpool - WARNING - Retrying (Retry(total=0, connect=None, read=None, redirect=None, status=None)) after connection broken by 'NewConnectionError('<urllib3.connection.HTTPConnection object at 0x7f67c6073760>: Failed to establish a new connection: [Errno 111] Connection refused')': /wd/hub/session
2025-05-11 08:57:40,283 - root - WARNING - Retry 1/3 failed: HTTPConnectionPool(host='chrome', port=4444): Max retries exceeded with url: /wd/hub/session (Caused by NewConnectionError('<urllib3.connection.HTTPConnection object at 0x7f67c6073910>: Failed to establish a new connection: [Errno 111] Connection refused'))
2025-05-11 08:57:40,283 - root - INFO - Waiting 5 seconds before retrying...
2025-05-11 08:57:45,289 - src.scrapers.financial_scraper - INFO - Loaded 3 emitens from /app/src/scrapers/emiten_list.json
2025-05-11 08:57:46,422 - src.scrapers.financial_scraper - INFO - WebDriver initialized
2025-05-11 08:58:17,021 - src.scrapers.financial_scraper - ERROR - Error on AALI_2020: Message: 
Stacktrace:
#0 0x55b6b03867fa <unknown>
#1 0x55b6afe2ae90 <unknown>
#2 0x55b6afe7c870 <unknown>
#3 0x55b6afe7ca61 <unknown>
#4 0x55b6afecacb4 <unknown>
#5 0x55b6afea226d <unknown>
#6 0x55b6afec8135 <unknown>
#7 0x55b6afea2013 <unknown>
#8 0x55b6afe6eb3b <unknown>
#9 0x55b6afe6f7a1 <unknown>
#10 0x55b6b034bb9b <unknown>
#11 0x55b6b034fa8a <unknown>
#12 0x55b6b0333912 <unknown>
#13 0x55b6b0350604 <unknown>
#14 0x55b6b031874f <unknown>
#15 0x55b6b0374678 <unknown>
#16 0x55b6b0374856 <unknown>
#17 0x55b6b0385666 <unknown>
#18 0x7f361519faa4 <unknown>
#19 0x7f361522cc3c <unknown>

2025-05-11 08:58:17,026 - root - INFO - Saved data to /app/cache/financial_reports/financial_reports.json
2025-05-11 08:58:47,288 - src.scrapers.financial_scraper - ERROR - Error on AALI_2021: Message: 
Stacktrace:
#0 0x55b6b03867fa <unknown>
#1 0x55b6afe2ae90 <unknown>
#2 0x55b6afe7c870 <unknown>
#3 0x55b6afe7ca61 <unknown>
#4 0x55b6afecacb4 <unknown>
#5 0x55b6afea226d <unknown>
#6 0x55b6afec8135 <unknown>
#7 0x55b6afea2013 <unknown>
#8 0x55b6afe6eb3b <unknown>
#9 0x55b6afe6f7a1 <unknown>
#10 0x55b6b034bb9b <unknown>
#11 0x55b6b034fa8a <unknown>
#12 0x55b6b0333912 <unknown>
#13 0x55b6b0350604 <unknown>
#14 0x55b6b031874f <unknown>
#15 0x55b6b0374678 <unknown>
#16 0x55b6b0374856 <unknown>
#17 0x55b6b0385666 <unknown>
#18 0x7f361519faa4 <unknown>
#19 0x7f361522cc3c <unknown>

2025-05-11 08:58:47,293 - root - INFO - Saved data to /app/cache/financial_reports/financial_reports.json
2025-05-11 08:59:17,560 - src.scrapers.financial_scraper - ERROR - Error on AALI_2022: Message: 
Stacktrace:
#0 0x55b6b03867fa <unknown>
#1 0x55b6afe2ae90 <unknown>
#2 0x55b6afe7c870 <unknown>
#3 0x55b6afe7ca61 <unknown>
#4 0x55b6afecacb4 <unknown>
#5 0x55b6afea226d <unknown>
#6 0x55b6afec8135 <unknown>
#7 0x55b6afea2013 <unknown>
#8 0x55b6afe6eb3b <unknown>
#9 0x55b6afe6f7a1 <unknown>
#10 0x55b6b034bb9b <unknown>
#11 0x55b6b034fa8a <unknown>
#12 0x55b6b0333912 <unknown>
#13 0x55b6b0350604 <unknown>
#14 0x55b6b031874f <unknown>
#15 0x55b6b0374678 <unknown>
#16 0x55b6b0374856 <unknown>
#17 0x55b6b0385666 <unknown>
#18 0x7f361519faa4 <unknown>
#19 0x7f361522cc3c <unknown>

2025-05-11 08:59:17,565 - root - INFO - Saved data to /app/cache/financial_reports/financial_reports.json
2025-05-11 08:59:47,841 - src.scrapers.financial_scraper - ERROR - Error on AALI_2023: Message: 
Stacktrace:
#0 0x55b6b03867fa <unknown>
#1 0x55b6afe2ae90 <unknown>
#2 0x55b6afe7c870 <unknown>
#3 0x55b6afe7ca61 <unknown>
#4 0x55b6afecacb4 <unknown>
#5 0x55b6afea226d <unknown>
#6 0x55b6afec8135 <unknown>
#7 0x55b6afea2013 <unknown>
#8 0x55b6afe6eb3b <unknown>
#9 0x55b6afe6f7a1 <unknown>
#10 0x55b6b034bb9b <unknown>
#11 0x55b6b034fa8a <unknown>
#12 0x55b6b0333912 <unknown>
#13 0x55b6b0350604 <unknown>
#14 0x55b6b031874f <unknown>
#15 0x55b6b0374678 <unknown>
#16 0x55b6b0374856 <unknown>
#17 0x55b6b0385666 <unknown>
#18 0x7f361519faa4 <unknown>
#19 0x7f361522cc3c <unknown>

2025-05-11 08:59:47,845 - root - INFO - Saved data to /app/cache/financial_reports/financial_reports.json
2025-05-11 09:00:18,101 - src.scrapers.financial_scraper - ERROR - Error on AALI_2024: Message: 
Stacktrace:
#0 0x55b6b03867fa <unknown>
#1 0x55b6afe2ae90 <unknown>
#2 0x55b6afe7c870 <unknown>
#3 0x55b6afe7ca61 <unknown>
#4 0x55b6afecacb4 <unknown>
#5 0x55b6afea226d <unknown>
#6 0x55b6afec8135 <unknown>
#7 0x55b6afea2013 <unknown>
#8 0x55b6afe6eb3b <unknown>
#9 0x55b6afe6f7a1 <unknown>
#10 0x55b6b034bb9b <unknown>
#11 0x55b6b034fa8a <unknown>
#12 0x55b6b0333912 <unknown>
#13 0x55b6b0350604 <unknown>
#14 0x55b6b031874f <unknown>
#15 0x55b6b0374678 <unknown>
#16 0x55b6b0374856 <unknown>
#17 0x55b6b0385666 <unknown>
#18 0x7f361519faa4 <unknown>
#19 0x7f361522cc3c <unknown>

2025-05-11 09:00:18,105 - root - INFO - Saved data to /app/cache/financial_reports/financial_reports.json
2025-05-11 09:00:48,337 - src.scrapers.financial_scraper - ERROR - Error on BBCA_2020: Message: 
Stacktrace:
#0 0x55b6b03867fa <unknown>
#1 0x55b6afe2ae90 <unknown>
#2 0x55b6afe7c870 <unknown>
#3 0x55b6afe7ca61 <unknown>
#4 0x55b6afecacb4 <unknown>
#5 0x55b6afea226d <unknown>
#6 0x55b6afec8135 <unknown>
#7 0x55b6afea2013 <unknown>
#8 0x55b6afe6eb3b <unknown>
#9 0x55b6afe6f7a1 <unknown>
#10 0x55b6b034bb9b <unknown>
#11 0x55b6b034fa8a <unknown>
#12 0x55b6b0333912 <unknown>
#13 0x55b6b0350604 <unknown>
#14 0x55b6b031874f <unknown>
#15 0x55b6b0374678 <unknown>
#16 0x55b6b0374856 <unknown>
#17 0x55b6b0385666 <unknown>
#18 0x7f361519faa4 <unknown>
#19 0x7f361522cc3c <unknown>

2025-05-11 09:00:48,342 - root - INFO - Saved data to /app/cache/financial_reports/financial_reports.json
2025-05-11 09:01:18,525 - src.scrapers.financial_scraper - ERROR - Error on BBCA_2021: Message: 
Stacktrace:
#0 0x55b6b03867fa <unknown>
#1 0x55b6afe2ae90 <unknown>
#2 0x55b6afe7c870 <unknown>
#3 0x55b6afe7ca61 <unknown>
#4 0x55b6afecacb4 <unknown>
#5 0x55b6afea226d <unknown>
#6 0x55b6afec8135 <unknown>
#7 0x55b6afea2013 <unknown>
#8 0x55b6afe6eb3b <unknown>
#9 0x55b6afe6f7a1 <unknown>
#10 0x55b6b034bb9b <unknown>
#11 0x55b6b034fa8a <unknown>
#12 0x55b6b0333912 <unknown>
#13 0x55b6b0350604 <unknown>
#14 0x55b6b031874f <unknown>
#15 0x55b6b0374678 <unknown>
#16 0x55b6b0374856 <unknown>
#17 0x55b6b0385666 <unknown>
#18 0x7f361519faa4 <unknown>
#19 0x7f361522cc3c <unknown>

2025-05-11 09:01:18,530 - root - INFO - Saved data to /app/cache/financial_reports/financial_reports.json
2025-05-11 09:01:48,688 - src.scrapers.financial_scraper - ERROR - Error on BBCA_2022: Message: 
Stacktrace:
#0 0x55b6b03867fa <unknown>
#1 0x55b6afe2ae90 <unknown>
#2 0x55b6afe7c870 <unknown>
#3 0x55b6afe7ca61 <unknown>
#4 0x55b6afecacb4 <unknown>
#5 0x55b6afea226d <unknown>
#6 0x55b6afec8135 <unknown>
#7 0x55b6afea2013 <unknown>
#8 0x55b6afe6eb3b <unknown>
#9 0x55b6afe6f7a1 <unknown>
#10 0x55b6b034bb9b <unknown>
#11 0x55b6b034fa8a <unknown>
#12 0x55b6b0333912 <unknown>
#13 0x55b6b0350604 <unknown>
#14 0x55b6b031874f <unknown>
#15 0x55b6b0374678 <unknown>
#16 0x55b6b0374856 <unknown>
#17 0x55b6b0385666 <unknown>
#18 0x7f361519faa4 <unknown>
#19 0x7f361522cc3c <unknown>

2025-05-11 09:01:48,693 - root - INFO - Saved data to /app/cache/financial_reports/financial_reports.json
2025-05-11 09:02:18,865 - src.scrapers.financial_scraper - ERROR - Error on BBCA_2023: Message: 
Stacktrace:
#0 0x55b6b03867fa <unknown>
#1 0x55b6afe2ae90 <unknown>
#2 0x55b6afe7c870 <unknown>
#3 0x55b6afe7ca61 <unknown>
#4 0x55b6afecacb4 <unknown>
#5 0x55b6afea226d <unknown>
#6 0x55b6afec8135 <unknown>
#7 0x55b6afea2013 <unknown>
#8 0x55b6afe6eb3b <unknown>
#9 0x55b6afe6f7a1 <unknown>
#10 0x55b6b034bb9b <unknown>
#11 0x55b6b034fa8a <unknown>
#12 0x55b6b0333912 <unknown>
#13 0x55b6b0350604 <unknown>
#14 0x55b6b031874f <unknown>
#15 0x55b6b0374678 <unknown>
#16 0x55b6b0374856 <unknown>
#17 0x55b6b0385666 <unknown>
#18 0x7f361519faa4 <unknown>
#19 0x7f361522cc3c <unknown>

2025-05-11 09:02:18,870 - root - INFO - Saved data to /app/cache/financial_reports/financial_reports.json
2025-05-11 09:02:49,042 - src.scrapers.financial_scraper - ERROR - Error on BBCA_2024: Message: 
Stacktrace:
#0 0x55b6b03867fa <unknown>
#1 0x55b6afe2ae90 <unknown>
#2 0x55b6afe7c870 <unknown>
#3 0x55b6afe7ca61 <unknown>
#4 0x55b6afecacb4 <unknown>
#5 0x55b6afea226d <unknown>
#6 0x55b6afec8135 <unknown>
#7 0x55b6afea2013 <unknown>
#8 0x55b6afe6eb3b <unknown>
#9 0x55b6afe6f7a1 <unknown>
#10 0x55b6b034bb9b <unknown>
#11 0x55b6b034fa8a <unknown>
#12 0x55b6b0333912 <unknown>
#13 0x55b6b0350604 <unknown>
#14 0x55b6b031874f <unknown>
#15 0x55b6b0374678 <unknown>
#16 0x55b6b0374856 <unknown>
#17 0x55b6b0385666 <unknown>
#18 0x7f361519faa4 <unknown>
#19 0x7f361522cc3c <unknown>

2025-05-11 09:02:49,046 - root - INFO - Saved data to /app/cache/financial_reports/financial_reports.json
2025-05-11 09:03:19,224 - src.scrapers.financial_scraper - ERROR - Error on TLKM_2020: Message: 
Stacktrace:
#0 0x55b6b03867fa <unknown>
#1 0x55b6afe2ae90 <unknown>
#2 0x55b6afe7c870 <unknown>
#3 0x55b6afe7ca61 <unknown>
#4 0x55b6afecacb4 <unknown>
#5 0x55b6afea226d <unknown>
#6 0x55b6afec8135 <unknown>
#7 0x55b6afea2013 <unknown>
#8 0x55b6afe6eb3b <unknown>
#9 0x55b6afe6f7a1 <unknown>
#10 0x55b6b034bb9b <unknown>
#11 0x55b6b034fa8a <unknown>
#12 0x55b6b0333912 <unknown>
#13 0x55b6b0350604 <unknown>
#14 0x55b6b031874f <unknown>
#15 0x55b6b0374678 <unknown>
#16 0x55b6b0374856 <unknown>
#17 0x55b6b0385666 <unknown>
#18 0x7f361519faa4 <unknown>
#19 0x7f361522cc3c <unknown>

2025-05-11 09:03:19,228 - root - INFO - Saved data to /app/cache/financial_reports/financial_reports.json
2025-05-11 09:03:49,371 - src.scrapers.financial_scraper - ERROR - Error on TLKM_2021: Message: 
Stacktrace:
#0 0x55b6b03867fa <unknown>
#1 0x55b6afe2ae90 <unknown>
#2 0x55b6afe7c870 <unknown>
#3 0x55b6afe7ca61 <unknown>
#4 0x55b6afecacb4 <unknown>
#5 0x55b6afea226d <unknown>
#6 0x55b6afec8135 <unknown>
#7 0x55b6afea2013 <unknown>
#8 0x55b6afe6eb3b <unknown>
#9 0x55b6afe6f7a1 <unknown>
#10 0x55b6b034bb9b <unknown>
#11 0x55b6b034fa8a <unknown>
#12 0x55b6b0333912 <unknown>
#13 0x55b6b0350604 <unknown>
#14 0x55b6b031874f <unknown>
#15 0x55b6b0374678 <unknown>
#16 0x55b6b0374856 <unknown>
#17 0x55b6b0385666 <unknown>
#18 0x7f361519faa4 <unknown>
#19 0x7f361522cc3c <unknown>

2025-05-11 09:03:49,374 - root - INFO - Saved data to /app/cache/financial_reports/financial_reports.json
2025-05-11 09:04:19,556 - src.scrapers.financial_scraper - ERROR - Error on TLKM_2022: Message: 
Stacktrace:
#0 0x55b6b03867fa <unknown>
#1 0x55b6afe2ae90 <unknown>
#2 0x55b6afe7c870 <unknown>
#3 0x55b6afe7ca61 <unknown>
#4 0x55b6afecacb4 <unknown>
#5 0x55b6afea226d <unknown>
#6 0x55b6afec8135 <unknown>
#7 0x55b6afea2013 <unknown>
#8 0x55b6afe6eb3b <unknown>
#9 0x55b6afe6f7a1 <unknown>
#10 0x55b6b034bb9b <unknown>
#11 0x55b6b034fa8a <unknown>
#12 0x55b6b0333912 <unknown>
#13 0x55b6b0350604 <unknown>
#14 0x55b6b031874f <unknown>
#15 0x55b6b0374678 <unknown>
#16 0x55b6b0374856 <unknown>
#17 0x55b6b0385666 <unknown>
#18 0x7f361519faa4 <unknown>
#19 0x7f361522cc3c <unknown>

2025-05-11 09:04:19,560 - root - INFO - Saved data to /app/cache/financial_reports/financial_reports.json
2025-05-11 09:04:49,748 - src.scrapers.financial_scraper - ERROR - Error on TLKM_2023: Message: 
Stacktrace:
#0 0x55b6b03867fa <unknown>
#1 0x55b6afe2ae90 <unknown>
#2 0x55b6afe7c870 <unknown>
#3 0x55b6afe7ca61 <unknown>
#4 0x55b6afecacb4 <unknown>
#5 0x55b6afea226d <unknown>
#6 0x55b6afec8135 <unknown>
#7 0x55b6afea2013 <unknown>
#8 0x55b6afe6eb3b <unknown>
#9 0x55b6afe6f7a1 <unknown>
#10 0x55b6b034bb9b <unknown>
#11 0x55b6b034fa8a <unknown>
#12 0x55b6b0333912 <unknown>
#13 0x55b6b0350604 <unknown>
#14 0x55b6b031874f <unknown>
#15 0x55b6b0374678 <unknown>
#16 0x55b6b0374856 <unknown>
#17 0x55b6b0385666 <unknown>
#18 0x7f361519faa4 <unknown>
#19 0x7f361522cc3c <unknown>

2025-05-11 09:04:49,753 - root - INFO - Saved data to /app/cache/financial_reports/financial_reports.json
2025-05-11 09:05:20,020 - src.scrapers.financial_scraper - ERROR - Error on TLKM_2024: Message: 
Stacktrace:
#0 0x55b6b03867fa <unknown>
#1 0x55b6afe2ae90 <unknown>
#2 0x55b6afe7c870 <unknown>
#3 0x55b6afe7ca61 <unknown>
#4 0x55b6afecacb4 <unknown>
#5 0x55b6afea226d <unknown>
#6 0x55b6afec8135 <unknown>
#7 0x55b6afea2013 <unknown>
#8 0x55b6afe6eb3b <unknown>
#9 0x55b6afe6f7a1 <unknown>
#10 0x55b6b034bb9b <unknown>
#11 0x55b6b034fa8a <unknown>
#12 0x55b6b0333912 <unknown>
#13 0x55b6b0350604 <unknown>
#14 0x55b6b031874f <unknown>
#15 0x55b6b0374678 <unknown>
#16 0x55b6b0374856 <unknown>
#17 0x55b6b0385666 <unknown>
#18 0x7f361519faa4 <unknown>
#19 0x7f361522cc3c <unknown>

2025-05-11 09:05:20,025 - root - INFO - Saved data to /app/cache/financial_reports/financial_reports.json
2025-05-11 09:05:20,028 - root - INFO - Saved data to /app/cache/financial_reports/financial_reports.json
2025-05-11 09:05:20,029 - src.scrapers.financial_scraper - INFO - Total scraped: 0 records → /app/cache/financial_reports/financial_reports.json
2025-05-11 09:05:20,208 - src.scrapers.financial_scraper - INFO - WebDriver closed
2025-05-11 09:05:20,208 - __main__ - INFO - Financial Report scraper completed. Scraped 0 reports.
2025-05-11 09:05:20,209 - __main__ - INFO - Starting Financial Report ingestion...
2025-05-11 09:05:20,210 - src.ingestion.financial_ingestion - INFO - Loading data from JSON file...
2025-05-11 09:05:20,214 - src.ingestion.financial_ingestion - WARNING - No data found in /app/cache/financial_reports/financial_reports.json
2025-05-11 09:05:20,214 - __main__ - INFO - Financial Report ingestion completed. Inserted 0 and updated 0 reports.
2025-05-11 09:05:20,215 - __main__ - INFO - Financial report pipeline completed successfully
