2025-05-11 09:55:29,845 - root - INFO - Logging initialized. Log file: /app/cache/error_logs/scraper_20250511_095529.log
2025-05-11 09:55:29,847 - __main__ - INFO - Starting financial report pipeline in mode 'all'
2025-05-11 09:55:29,849 - __main__ - INFO - Starting Financial Report scraper...
2025-05-11 09:55:29,855 - src.scrapers.financial_scraper - INFO - Loaded 0 existing records, scraped pairs: 0
2025-05-11 09:55:29,857 - src.scrapers.financial_scraper - INFO - Loaded 3 emitens from /app/src/scrapers/emiten_list.json
2025-05-11 09:55:30,404 - src.scrapers.financial_scraper - INFO - WebDriver initialized
2025-05-11 09:56:00,823 - src.scrapers.financial_scraper - ERROR - Error on AALI_2025: Message: 
Stacktrace:
#0 0x55f6306087fa <unknown>
#1 0x55f6300ace90 <unknown>
#2 0x55f6300fe870 <unknown>
#3 0x55f6300fea61 <unknown>
#4 0x55f63014ccb4 <unknown>
#5 0x55f63012426d <unknown>
#6 0x55f63014a135 <unknown>
#7 0x55f630124013 <unknown>
#8 0x55f6300f0b3b <unknown>
#9 0x55f6300f17a1 <unknown>
#10 0x55f6305cdb9b <unknown>
#11 0x55f6305d1a8a <unknown>
#12 0x55f6305b5912 <unknown>
#13 0x55f6305d2604 <unknown>
#14 0x55f63059a74f <unknown>
#15 0x55f6305f6678 <unknown>
#16 0x55f6305f6856 <unknown>
#17 0x55f630607666 <unknown>
#18 0x7f349a2d4aa4 <unknown>
#19 0x7f349a361c3c <unknown>

2025-05-11 09:56:00,827 - root - INFO - Saved data to /app/cache/financial_reports/financial_reports.json
