2025-05-11 09:05:21,379 - root - INFO - Logging initialized. Log file: /app/cache/error_logs/scraper_20250511_090521.log
2025-05-11 09:05:21,382 - __main__ - INFO - Starting financial report pipeline in mode 'all'
2025-05-11 09:05:21,384 - __main__ - INFO - Starting Financial Report scraper...
2025-05-11 09:05:21,393 - src.scrapers.financial_scraper - INFO - Loaded 0 existing records, scraped pairs: 0
2025-05-11 09:05:21,394 - src.scrapers.financial_scraper - INFO - Loaded 3 emitens from /app/src/scrapers/emiten_list.json
2025-05-11 09:05:21,978 - src.scrapers.financial_scraper - INFO - WebDriver initialized
2025-05-11 09:05:52,340 - src.scrapers.financial_scraper - ERROR - Error on AALI_2020: Message: 
Stacktrace:
#0 0x55cc238017fa <unknown>
#1 0x55cc232a5e90 <unknown>
#2 0x55cc232f7870 <unknown>
#3 0x55cc232f7a61 <unknown>
#4 0x55cc23345cb4 <unknown>
#5 0x55cc2331d26d <unknown>
#6 0x55cc23343135 <unknown>
#7 0x55cc2331d013 <unknown>
#8 0x55cc232e9b3b <unknown>
#9 0x55cc232ea7a1 <unknown>
#10 0x55cc237c6b9b <unknown>
#11 0x55cc237caa8a <unknown>
#12 0x55cc237ae912 <unknown>
#13 0x55cc237cb604 <unknown>
#14 0x55cc2379374f <unknown>
#15 0x55cc237ef678 <unknown>
#16 0x55cc237ef856 <unknown>
#17 0x55cc23800666 <unknown>
#18 0x7feb841d8aa4 <unknown>
#19 0x7feb84265c3c <unknown>

2025-05-11 09:05:52,345 - root - INFO - Saved data to /app/cache/financial_reports/financial_reports.json
2025-05-11 09:06:22,542 - src.scrapers.financial_scraper - ERROR - Error on AALI_2021: Message: 
Stacktrace:
#0 0x55cc238017fa <unknown>
#1 0x55cc232a5e90 <unknown>
#2 0x55cc232f7870 <unknown>
#3 0x55cc232f7a61 <unknown>
#4 0x55cc23345cb4 <unknown>
#5 0x55cc2331d26d <unknown>
#6 0x55cc23343135 <unknown>
#7 0x55cc2331d013 <unknown>
#8 0x55cc232e9b3b <unknown>
#9 0x55cc232ea7a1 <unknown>
#10 0x55cc237c6b9b <unknown>
#11 0x55cc237caa8a <unknown>
#12 0x55cc237ae912 <unknown>
#13 0x55cc237cb604 <unknown>
#14 0x55cc2379374f <unknown>
#15 0x55cc237ef678 <unknown>
#16 0x55cc237ef856 <unknown>
#17 0x55cc23800666 <unknown>
#18 0x7feb841d8aa4 <unknown>
#19 0x7feb84265c3c <unknown>

2025-05-11 09:06:22,546 - root - INFO - Saved data to /app/cache/financial_reports/financial_reports.json
2025-05-11 09:06:52,713 - src.scrapers.financial_scraper - ERROR - Error on AALI_2022: Message: 
Stacktrace:
#0 0x55cc238017fa <unknown>
#1 0x55cc232a5e90 <unknown>
#2 0x55cc232f7870 <unknown>
#3 0x55cc232f7a61 <unknown>
#4 0x55cc23345cb4 <unknown>
#5 0x55cc2331d26d <unknown>
#6 0x55cc23343135 <unknown>
#7 0x55cc2331d013 <unknown>
#8 0x55cc232e9b3b <unknown>
#9 0x55cc232ea7a1 <unknown>
#10 0x55cc237c6b9b <unknown>
#11 0x55cc237caa8a <unknown>
#12 0x55cc237ae912 <unknown>
#13 0x55cc237cb604 <unknown>
#14 0x55cc2379374f <unknown>
#15 0x55cc237ef678 <unknown>
#16 0x55cc237ef856 <unknown>
#17 0x55cc23800666 <unknown>
#18 0x7feb841d8aa4 <unknown>
#19 0x7feb84265c3c <unknown>

2025-05-11 09:06:52,718 - root - INFO - Saved data to /app/cache/financial_reports/financial_reports.json
2025-05-11 09:07:22,905 - src.scrapers.financial_scraper - ERROR - Error on AALI_2023: Message: 
Stacktrace:
#0 0x55cc238017fa <unknown>
#1 0x55cc232a5e90 <unknown>
#2 0x55cc232f7870 <unknown>
#3 0x55cc232f7a61 <unknown>
#4 0x55cc23345cb4 <unknown>
#5 0x55cc2331d26d <unknown>
#6 0x55cc23343135 <unknown>
#7 0x55cc2331d013 <unknown>
#8 0x55cc232e9b3b <unknown>
#9 0x55cc232ea7a1 <unknown>
#10 0x55cc237c6b9b <unknown>
#11 0x55cc237caa8a <unknown>
#12 0x55cc237ae912 <unknown>
#13 0x55cc237cb604 <unknown>
#14 0x55cc2379374f <unknown>
#15 0x55cc237ef678 <unknown>
#16 0x55cc237ef856 <unknown>
#17 0x55cc23800666 <unknown>
#18 0x7feb841d8aa4 <unknown>
#19 0x7feb84265c3c <unknown>

2025-05-11 09:07:22,910 - root - INFO - Saved data to /app/cache/financial_reports/financial_reports.json
2025-05-11 09:07:53,056 - src.scrapers.financial_scraper - ERROR - Error on AALI_2024: Message: 
Stacktrace:
#0 0x55cc238017fa <unknown>
#1 0x55cc232a5e90 <unknown>
#2 0x55cc232f7870 <unknown>
#3 0x55cc232f7a61 <unknown>
#4 0x55cc23345cb4 <unknown>
#5 0x55cc2331d26d <unknown>
#6 0x55cc23343135 <unknown>
#7 0x55cc2331d013 <unknown>
#8 0x55cc232e9b3b <unknown>
#9 0x55cc232ea7a1 <unknown>
#10 0x55cc237c6b9b <unknown>
#11 0x55cc237caa8a <unknown>
#12 0x55cc237ae912 <unknown>
#13 0x55cc237cb604 <unknown>
#14 0x55cc2379374f <unknown>
#15 0x55cc237ef678 <unknown>
#16 0x55cc237ef856 <unknown>
#17 0x55cc23800666 <unknown>
#18 0x7feb841d8aa4 <unknown>
#19 0x7feb84265c3c <unknown>

2025-05-11 09:07:53,060 - root - INFO - Saved data to /app/cache/financial_reports/financial_reports.json
2025-05-11 09:08:23,271 - src.scrapers.financial_scraper - ERROR - Error on BBCA_2020: Message: 
Stacktrace:
#0 0x55cc238017fa <unknown>
#1 0x55cc232a5e90 <unknown>
#2 0x55cc232f7870 <unknown>
#3 0x55cc232f7a61 <unknown>
#4 0x55cc23345cb4 <unknown>
#5 0x55cc2331d26d <unknown>
#6 0x55cc23343135 <unknown>
#7 0x55cc2331d013 <unknown>
#8 0x55cc232e9b3b <unknown>
#9 0x55cc232ea7a1 <unknown>
#10 0x55cc237c6b9b <unknown>
#11 0x55cc237caa8a <unknown>
#12 0x55cc237ae912 <unknown>
#13 0x55cc237cb604 <unknown>
#14 0x55cc2379374f <unknown>
#15 0x55cc237ef678 <unknown>
#16 0x55cc237ef856 <unknown>
#17 0x55cc23800666 <unknown>
#18 0x7feb841d8aa4 <unknown>
#19 0x7feb84265c3c <unknown>

2025-05-11 09:08:23,276 - root - INFO - Saved data to /app/cache/financial_reports/financial_reports.json
2025-05-11 09:08:53,415 - src.scrapers.financial_scraper - ERROR - Error on BBCA_2021: Message: 
Stacktrace:
#0 0x55cc238017fa <unknown>
#1 0x55cc232a5e90 <unknown>
#2 0x55cc232f7870 <unknown>
#3 0x55cc232f7a61 <unknown>
#4 0x55cc23345cb4 <unknown>
#5 0x55cc2331d26d <unknown>
#6 0x55cc23343135 <unknown>
#7 0x55cc2331d013 <unknown>
#8 0x55cc232e9b3b <unknown>
#9 0x55cc232ea7a1 <unknown>
#10 0x55cc237c6b9b <unknown>
#11 0x55cc237caa8a <unknown>
#12 0x55cc237ae912 <unknown>
#13 0x55cc237cb604 <unknown>
#14 0x55cc2379374f <unknown>
#15 0x55cc237ef678 <unknown>
#16 0x55cc237ef856 <unknown>
#17 0x55cc23800666 <unknown>
#18 0x7feb841d8aa4 <unknown>
#19 0x7feb84265c3c <unknown>

2025-05-11 09:08:53,419 - root - INFO - Saved data to /app/cache/financial_reports/financial_reports.json
2025-05-11 09:09:23,568 - src.scrapers.financial_scraper - ERROR - Error on BBCA_2022: Message: 
Stacktrace:
#0 0x55cc238017fa <unknown>
#1 0x55cc232a5e90 <unknown>
#2 0x55cc232f7870 <unknown>
#3 0x55cc232f7a61 <unknown>
#4 0x55cc23345cb4 <unknown>
#5 0x55cc2331d26d <unknown>
#6 0x55cc23343135 <unknown>
#7 0x55cc2331d013 <unknown>
#8 0x55cc232e9b3b <unknown>
#9 0x55cc232ea7a1 <unknown>
#10 0x55cc237c6b9b <unknown>
#11 0x55cc237caa8a <unknown>
#12 0x55cc237ae912 <unknown>
#13 0x55cc237cb604 <unknown>
#14 0x55cc2379374f <unknown>
#15 0x55cc237ef678 <unknown>
#16 0x55cc237ef856 <unknown>
#17 0x55cc23800666 <unknown>
#18 0x7feb841d8aa4 <unknown>
#19 0x7feb84265c3c <unknown>

2025-05-11 09:09:23,572 - root - INFO - Saved data to /app/cache/financial_reports/financial_reports.json
2025-05-11 09:09:53,805 - src.scrapers.financial_scraper - ERROR - Error on BBCA_2023: Message: 
Stacktrace:
#0 0x55cc238017fa <unknown>
#1 0x55cc232a5e90 <unknown>
#2 0x55cc232f7870 <unknown>
#3 0x55cc232f7a61 <unknown>
#4 0x55cc23345cb4 <unknown>
#5 0x55cc2331d26d <unknown>
#6 0x55cc23343135 <unknown>
#7 0x55cc2331d013 <unknown>
#8 0x55cc232e9b3b <unknown>
#9 0x55cc232ea7a1 <unknown>
#10 0x55cc237c6b9b <unknown>
#11 0x55cc237caa8a <unknown>
#12 0x55cc237ae912 <unknown>
#13 0x55cc237cb604 <unknown>
#14 0x55cc2379374f <unknown>
#15 0x55cc237ef678 <unknown>
#16 0x55cc237ef856 <unknown>
#17 0x55cc23800666 <unknown>
#18 0x7feb841d8aa4 <unknown>
#19 0x7feb84265c3c <unknown>

2025-05-11 09:09:53,811 - root - INFO - Saved data to /app/cache/financial_reports/financial_reports.json
2025-05-11 09:10:23,941 - src.scrapers.financial_scraper - ERROR - Error on BBCA_2024: Message: 
Stacktrace:
#0 0x55cc238017fa <unknown>
#1 0x55cc232a5e90 <unknown>
#2 0x55cc232f7870 <unknown>
#3 0x55cc232f7a61 <unknown>
#4 0x55cc23345cb4 <unknown>
#5 0x55cc2331d26d <unknown>
#6 0x55cc23343135 <unknown>
#7 0x55cc2331d013 <unknown>
#8 0x55cc232e9b3b <unknown>
#9 0x55cc232ea7a1 <unknown>
#10 0x55cc237c6b9b <unknown>
#11 0x55cc237caa8a <unknown>
#12 0x55cc237ae912 <unknown>
#13 0x55cc237cb604 <unknown>
#14 0x55cc2379374f <unknown>
#15 0x55cc237ef678 <unknown>
#16 0x55cc237ef856 <unknown>
#17 0x55cc23800666 <unknown>
#18 0x7feb841d8aa4 <unknown>
#19 0x7feb84265c3c <unknown>

2025-05-11 09:10:23,946 - root - INFO - Saved data to /app/cache/financial_reports/financial_reports.json
2025-05-11 09:10:54,035 - src.scrapers.financial_scraper - ERROR - Error on TLKM_2020: Message: 
Stacktrace:
#0 0x55cc238017fa <unknown>
#1 0x55cc232a5e90 <unknown>
#2 0x55cc232f7870 <unknown>
#3 0x55cc232f7a61 <unknown>
#4 0x55cc23345cb4 <unknown>
#5 0x55cc2331d26d <unknown>
#6 0x55cc23343135 <unknown>
#7 0x55cc2331d013 <unknown>
#8 0x55cc232e9b3b <unknown>
#9 0x55cc232ea7a1 <unknown>
#10 0x55cc237c6b9b <unknown>
#11 0x55cc237caa8a <unknown>
#12 0x55cc237ae912 <unknown>
#13 0x55cc237cb604 <unknown>
#14 0x55cc2379374f <unknown>
#15 0x55cc237ef678 <unknown>
#16 0x55cc237ef856 <unknown>
#17 0x55cc23800666 <unknown>
#18 0x7feb841d8aa4 <unknown>
#19 0x7feb84265c3c <unknown>

2025-05-11 09:10:54,039 - root - INFO - Saved data to /app/cache/financial_reports/financial_reports.json
2025-05-11 09:11:24,139 - src.scrapers.financial_scraper - ERROR - Error on TLKM_2021: Message: 
Stacktrace:
#0 0x55cc238017fa <unknown>
#1 0x55cc232a5e90 <unknown>
#2 0x55cc232f7870 <unknown>
#3 0x55cc232f7a61 <unknown>
#4 0x55cc23345cb4 <unknown>
#5 0x55cc2331d26d <unknown>
#6 0x55cc23343135 <unknown>
#7 0x55cc2331d013 <unknown>
#8 0x55cc232e9b3b <unknown>
#9 0x55cc232ea7a1 <unknown>
#10 0x55cc237c6b9b <unknown>
#11 0x55cc237caa8a <unknown>
#12 0x55cc237ae912 <unknown>
#13 0x55cc237cb604 <unknown>
#14 0x55cc2379374f <unknown>
#15 0x55cc237ef678 <unknown>
#16 0x55cc237ef856 <unknown>
#17 0x55cc23800666 <unknown>
#18 0x7feb841d8aa4 <unknown>
#19 0x7feb84265c3c <unknown>

2025-05-11 09:11:24,143 - root - INFO - Saved data to /app/cache/financial_reports/financial_reports.json
2025-05-11 09:11:54,227 - src.scrapers.financial_scraper - ERROR - Error on TLKM_2022: Message: 
Stacktrace:
#0 0x55cc238017fa <unknown>
#1 0x55cc232a5e90 <unknown>
#2 0x55cc232f7870 <unknown>
#3 0x55cc232f7a61 <unknown>
#4 0x55cc23345cb4 <unknown>
#5 0x55cc2331d26d <unknown>
#6 0x55cc23343135 <unknown>
#7 0x55cc2331d013 <unknown>
#8 0x55cc232e9b3b <unknown>
#9 0x55cc232ea7a1 <unknown>
#10 0x55cc237c6b9b <unknown>
#11 0x55cc237caa8a <unknown>
#12 0x55cc237ae912 <unknown>
#13 0x55cc237cb604 <unknown>
#14 0x55cc2379374f <unknown>
#15 0x55cc237ef678 <unknown>
#16 0x55cc237ef856 <unknown>
#17 0x55cc23800666 <unknown>
#18 0x7feb841d8aa4 <unknown>
#19 0x7feb84265c3c <unknown>

2025-05-11 09:11:54,232 - root - INFO - Saved data to /app/cache/financial_reports/financial_reports.json
2025-05-11 09:12:24,389 - src.scrapers.financial_scraper - ERROR - Error on TLKM_2023: Message: 
Stacktrace:
#0 0x55cc238017fa <unknown>
#1 0x55cc232a5e90 <unknown>
#2 0x55cc232f7870 <unknown>
#3 0x55cc232f7a61 <unknown>
#4 0x55cc23345cb4 <unknown>
#5 0x55cc2331d26d <unknown>
#6 0x55cc23343135 <unknown>
#7 0x55cc2331d013 <unknown>
#8 0x55cc232e9b3b <unknown>
#9 0x55cc232ea7a1 <unknown>
#10 0x55cc237c6b9b <unknown>
#11 0x55cc237caa8a <unknown>
#12 0x55cc237ae912 <unknown>
#13 0x55cc237cb604 <unknown>
#14 0x55cc2379374f <unknown>
#15 0x55cc237ef678 <unknown>
#16 0x55cc237ef856 <unknown>
#17 0x55cc23800666 <unknown>
#18 0x7feb841d8aa4 <unknown>
#19 0x7feb84265c3c <unknown>

2025-05-11 09:12:24,394 - root - INFO - Saved data to /app/cache/financial_reports/financial_reports.json
2025-05-11 09:12:54,556 - src.scrapers.financial_scraper - ERROR - Error on TLKM_2024: Message: 
Stacktrace:
#0 0x55cc238017fa <unknown>
#1 0x55cc232a5e90 <unknown>
#2 0x55cc232f7870 <unknown>
#3 0x55cc232f7a61 <unknown>
#4 0x55cc23345cb4 <unknown>
#5 0x55cc2331d26d <unknown>
#6 0x55cc23343135 <unknown>
#7 0x55cc2331d013 <unknown>
#8 0x55cc232e9b3b <unknown>
#9 0x55cc232ea7a1 <unknown>
#10 0x55cc237c6b9b <unknown>
#11 0x55cc237caa8a <unknown>
#12 0x55cc237ae912 <unknown>
#13 0x55cc237cb604 <unknown>
#14 0x55cc2379374f <unknown>
#15 0x55cc237ef678 <unknown>
#16 0x55cc237ef856 <unknown>
#17 0x55cc23800666 <unknown>
#18 0x7feb841d8aa4 <unknown>
#19 0x7feb84265c3c <unknown>

2025-05-11 09:12:54,560 - root - INFO - Saved data to /app/cache/financial_reports/financial_reports.json
2025-05-11 09:12:54,563 - root - INFO - Saved data to /app/cache/financial_reports/financial_reports.json
2025-05-11 09:12:54,563 - src.scrapers.financial_scraper - INFO - Total scraped: 0 records → /app/cache/financial_reports/financial_reports.json
2025-05-11 09:12:54,757 - src.scrapers.financial_scraper - INFO - WebDriver closed
2025-05-11 09:12:54,758 - __main__ - INFO - Financial Report scraper completed. Scraped 0 reports.
2025-05-11 09:12:54,758 - __main__ - INFO - Starting Financial Report ingestion...
2025-05-11 09:12:54,759 - src.ingestion.financial_ingestion - INFO - Loading data from JSON file...
2025-05-11 09:12:54,763 - src.ingestion.financial_ingestion - WARNING - No data found in /app/cache/financial_reports/financial_reports.json
2025-05-11 09:12:54,763 - __main__ - INFO - Financial Report ingestion completed. Inserted 0 and updated 0 reports.
2025-05-11 09:12:54,763 - __main__ - INFO - Financial report pipeline completed successfully
