2025-05-11 10:11:54,065 - root - INFO - Logging initialized. Log file: /app/cache/error_logs/scraper_20250511_101154.log
2025-05-11 10:11:54,066 - __main__ - INFO - Starting financial report pipeline in mode 'all'
2025-05-11 10:11:54,067 - __main__ - INFO - Starting Financial Report scraper...
2025-05-11 10:11:54,072 - src.scrapers.financial_scraper - INFO - Loaded 0 existing reports from /app/cache/financial_reports/financial_reports.json
2025-05-11 10:11:54,072 - src.scrapers.financial_scraper - INFO - Already scraped 0 companies
2025-05-11 10:11:54,073 - src.scrapers.financial_scraper - INFO - Loaded 3 emitens from /app/src/scrapers/emiten_list.json
2025-05-11 10:11:54,082 - src.scrapers.financial_scraper - INFO - Will scrape 3 remaining companies out of 3 total
2025-05-11 10:11:54,083 - src.scrapers.financial_scraper - INFO - Running in headless mode for Docker environment
2025-05-11 10:11:54,083 - src.scrapers.financial_scraper - INFO - Connecting to remote WebDriver at http://chrome:4444/wd/hub
2025-05-11 10:11:55,191 - src.scrapers.financial_scraper - INFO - WebDriver initialized successfully
2025-05-11 10:12:06,012 - src.scrapers.financial_scraper - ERROR - ❌ Error processing AALI: Message: 
Stacktrace:
#0 0x5629dd74a7fa <unknown>
#1 0x5629dd1eee90 <unknown>
#2 0x5629dd240870 <unknown>
#3 0x5629dd240a61 <unknown>
#4 0x5629dd28ecb4 <unknown>
#5 0x5629dd26626d <unknown>
#6 0x5629dd28c135 <unknown>
#7 0x5629dd266013 <unknown>
#8 0x5629dd232b3b <unknown>
#9 0x5629dd2337a1 <unknown>
#10 0x5629dd70fb9b <unknown>
#11 0x5629dd713a8a <unknown>
#12 0x5629dd6f7912 <unknown>
#13 0x5629dd714604 <unknown>
#14 0x5629dd6dc74f <unknown>
#15 0x5629dd738678 <unknown>
#16 0x5629dd738856 <unknown>
#17 0x5629dd749666 <unknown>
#18 0x7fd19e266aa4 <unknown>
#19 0x7fd19e2f3c3c <unknown>

2025-05-11 10:12:16,483 - src.scrapers.financial_scraper - ERROR - ❌ Error processing BBCA: Message: 
Stacktrace:
#0 0x5629dd74a7fa <unknown>
#1 0x5629dd1eee90 <unknown>
#2 0x5629dd240870 <unknown>
#3 0x5629dd240a61 <unknown>
#4 0x5629dd28ecb4 <unknown>
#5 0x5629dd26626d <unknown>
#6 0x5629dd28c135 <unknown>
#7 0x5629dd266013 <unknown>
#8 0x5629dd232b3b <unknown>
#9 0x5629dd2337a1 <unknown>
#10 0x5629dd70fb9b <unknown>
#11 0x5629dd713a8a <unknown>
#12 0x5629dd6f7912 <unknown>
#13 0x5629dd714604 <unknown>
#14 0x5629dd6dc74f <unknown>
#15 0x5629dd738678 <unknown>
#16 0x5629dd738856 <unknown>
#17 0x5629dd749666 <unknown>
#18 0x7fd19e266aa4 <unknown>
#19 0x7fd19e2f3c3c <unknown>

