2025-05-11 11:07:39,977 - root - INFO - Logging initialized. Log file: /app/cache/error_logs/scraper_20250511_110739.log
2025-05-11 11:07:39,980 - __main__ - INFO - Starting financial report pipeline in mode 'all'
2025-05-11 11:07:39,985 - __main__ - INFO - Starting Financial Report scraper...
2025-05-11 11:07:40,005 - WDM - INFO - ====== WebDriver manager ======
2025-05-11 11:07:40,438 - WDM - INFO - Get LATEST chromedriver version for google-chrome
2025-05-11 11:07:40,758 - WDM - INFO - Get LATEST chromedriver version for google-chrome
2025-05-11 11:07:42,090 - WDM - INFO - There is no [linux64] chromedriver "136.0.7103.92" for browser google-chrome "136.0.7103" in cache
2025-05-11 11:07:42,100 - WDM - INFO - Get LATEST chromedriver version for google-chrome
2025-05-11 11:07:42,667 - WDM - INFO - WebDriver version 136.0.7103.92 selected
2025-05-11 11:07:42,678 - WDM - INFO - Modern chrome version https://storage.googleapis.com/chrome-for-testing-public/136.0.7103.92/linux64/chromedriver-linux64.zip
2025-05-11 11:07:42,680 - WDM - INFO - About to download new driver from https://storage.googleapis.com/chrome-for-testing-public/136.0.7103.92/linux64/chromedriver-linux64.zip
2025-05-11 11:07:43,171 - WDM - INFO - Driver downloading response is 200
2025-05-11 11:07:51,873 - WDM - INFO - Get LATEST chromedriver version for google-chrome
2025-05-11 11:07:52,427 - WDM - INFO - Driver has been saved in cache [/home/scraper/.wdm/drivers/chromedriver/linux64/136.0.7103.92]
2025-05-11 11:07:52,436 - __main__ - INFO - Financial Report scraper completed. Scraped 0 reports.
2025-05-11 11:07:52,437 - __main__ - INFO - Starting Financial Report ingestion...
2025-05-11 11:07:52,439 - src.ingestion.financial_ingestion - INFO - Loading data from JSON file...
2025-05-11 11:07:52,451 - src.ingestion.financial_ingestion - WARNING - No data found in /app/cache/financial_reports/financial_reports.json
2025-05-11 11:07:52,451 - __main__ - INFO - Financial Report ingestion completed. Inserted 0 and updated 0 reports.
2025-05-11 11:07:52,461 - __main__ - INFO - Financial report pipeline completed successfully
